mode: set
github.com/d5/tengo/v2/builtins.go:131.50,133.2 1 1
github.com/d5/tengo/v2/builtins.go:135.54,136.20 1 1
github.com/d5/tengo/v2/builtins.go:136.20,138.3 1 0
github.com/d5/tengo/v2/builtins.go:139.2,139.48 1 1
github.com/d5/tengo/v2/builtins.go:142.54,143.20 1 1
github.com/d5/tengo/v2/builtins.go:143.20,145.3 1 0
github.com/d5/tengo/v2/builtins.go:146.2,146.36 1 1
github.com/d5/tengo/v2/builtins.go:146.36,148.3 1 1
github.com/d5/tengo/v2/builtins.go:149.2,149.24 1 1
github.com/d5/tengo/v2/builtins.go:152.51,153.20 1 1
github.com/d5/tengo/v2/builtins.go:153.20,155.3 1 0
github.com/d5/tengo/v2/builtins.go:156.2,156.33 1 1
github.com/d5/tengo/v2/builtins.go:156.33,158.3 1 1
github.com/d5/tengo/v2/builtins.go:159.2,159.24 1 1
github.com/d5/tengo/v2/builtins.go:162.53,163.20 1 0
github.com/d5/tengo/v2/builtins.go:163.20,165.3 1 0
github.com/d5/tengo/v2/builtins.go:166.2,166.35 1 0
github.com/d5/tengo/v2/builtins.go:166.35,168.3 1 0
github.com/d5/tengo/v2/builtins.go:169.2,169.24 1 0
github.com/d5/tengo/v2/builtins.go:172.52,173.20 1 0
github.com/d5/tengo/v2/builtins.go:173.20,175.3 1 0
github.com/d5/tengo/v2/builtins.go:176.2,176.34 1 0
github.com/d5/tengo/v2/builtins.go:176.34,178.3 1 0
github.com/d5/tengo/v2/builtins.go:179.2,179.24 1 0
github.com/d5/tengo/v2/builtins.go:182.52,183.20 1 0
github.com/d5/tengo/v2/builtins.go:183.20,185.3 1 0
github.com/d5/tengo/v2/builtins.go:186.2,186.34 1 0
github.com/d5/tengo/v2/builtins.go:186.34,188.3 1 0
github.com/d5/tengo/v2/builtins.go:189.2,189.24 1 0
github.com/d5/tengo/v2/builtins.go:192.53,193.20 1 0
github.com/d5/tengo/v2/builtins.go:193.20,195.3 1 0
github.com/d5/tengo/v2/builtins.go:196.2,196.35 1 0
github.com/d5/tengo/v2/builtins.go:196.35,198.3 1 0
github.com/d5/tengo/v2/builtins.go:199.2,199.24 1 0
github.com/d5/tengo/v2/builtins.go:202.53,203.20 1 1
github.com/d5/tengo/v2/builtins.go:203.20,205.3 1 0
github.com/d5/tengo/v2/builtins.go:206.2,206.35 1 1
github.com/d5/tengo/v2/builtins.go:206.35,208.3 1 1
github.com/d5/tengo/v2/builtins.go:209.2,209.24 1 1
github.com/d5/tengo/v2/builtins.go:212.62,213.20 1 1
github.com/d5/tengo/v2/builtins.go:213.20,215.3 1 0
github.com/d5/tengo/v2/builtins.go:216.2,216.44 1 1
github.com/d5/tengo/v2/builtins.go:216.44,218.3 1 1
github.com/d5/tengo/v2/builtins.go:219.2,219.24 1 1
github.com/d5/tengo/v2/builtins.go:222.51,223.20 1 1
github.com/d5/tengo/v2/builtins.go:223.20,225.3 1 0
github.com/d5/tengo/v2/builtins.go:226.2,226.33 1 1
github.com/d5/tengo/v2/builtins.go:226.33,228.3 1 1
github.com/d5/tengo/v2/builtins.go:229.2,229.24 1 1
github.com/d5/tengo/v2/builtins.go:232.60,233.20 1 1
github.com/d5/tengo/v2/builtins.go:233.20,235.3 1 0
github.com/d5/tengo/v2/builtins.go:236.2,236.42 1 1
github.com/d5/tengo/v2/builtins.go:236.42,238.3 1 1
github.com/d5/tengo/v2/builtins.go:239.2,239.24 1 1
github.com/d5/tengo/v2/builtins.go:242.52,243.20 1 0
github.com/d5/tengo/v2/builtins.go:243.20,245.3 1 0
github.com/d5/tengo/v2/builtins.go:246.2,246.34 1 0
github.com/d5/tengo/v2/builtins.go:246.34,248.3 1 0
github.com/d5/tengo/v2/builtins.go:249.2,249.24 1 0
github.com/d5/tengo/v2/builtins.go:252.53,253.20 1 1
github.com/d5/tengo/v2/builtins.go:253.20,255.3 1 0
github.com/d5/tengo/v2/builtins.go:256.2,256.35 1 1
github.com/d5/tengo/v2/builtins.go:256.35,258.3 1 1
github.com/d5/tengo/v2/builtins.go:259.2,259.24 1 1
github.com/d5/tengo/v2/builtins.go:262.57,263.20 1 1
github.com/d5/tengo/v2/builtins.go:263.20,265.3 1 0
github.com/d5/tengo/v2/builtins.go:266.2,266.31 1 1
github.com/d5/tengo/v2/builtins.go:266.31,268.3 1 1
github.com/d5/tengo/v2/builtins.go:269.2,269.24 1 1
github.com/d5/tengo/v2/builtins.go:272.56,273.20 1 1
github.com/d5/tengo/v2/builtins.go:273.20,275.3 1 0
github.com/d5/tengo/v2/builtins.go:276.2,276.24 1 1
github.com/d5/tengo/v2/builtins.go:277.25,278.24 1 1
github.com/d5/tengo/v2/builtins.go:280.2,280.24 1 1
github.com/d5/tengo/v2/builtins.go:283.56,284.20 1 1
github.com/d5/tengo/v2/builtins.go:284.20,286.3 1 0
github.com/d5/tengo/v2/builtins.go:287.2,287.23 1 1
github.com/d5/tengo/v2/builtins.go:287.23,289.3 1 1
github.com/d5/tengo/v2/builtins.go:290.2,290.24 1 1
github.com/d5/tengo/v2/builtins.go:293.56,294.20 1 0
github.com/d5/tengo/v2/builtins.go:294.20,296.3 1 0
github.com/d5/tengo/v2/builtins.go:297.2,297.26 1 0
github.com/d5/tengo/v2/builtins.go:297.26,299.3 1 0
github.com/d5/tengo/v2/builtins.go:300.2,300.24 1 0
github.com/d5/tengo/v2/builtins.go:304.49,305.20 1 1
github.com/d5/tengo/v2/builtins.go:305.20,307.3 1 1
github.com/d5/tengo/v2/builtins.go:308.2,308.31 1 1
github.com/d5/tengo/v2/builtins.go:309.14,310.49 1 1
github.com/d5/tengo/v2/builtins.go:311.23,312.49 1 1
github.com/d5/tengo/v2/builtins.go:313.15,314.49 1 1
github.com/d5/tengo/v2/builtins.go:315.14,316.49 1 0
github.com/d5/tengo/v2/builtins.go:317.12,318.49 1 1
github.com/d5/tengo/v2/builtins.go:319.21,320.49 1 1
github.com/d5/tengo/v2/builtins.go:321.10,326.4 1 1
github.com/d5/tengo/v2/builtins.go:331.51,333.32 2 1
github.com/d5/tengo/v2/builtins.go:333.32,335.3 1 1
github.com/d5/tengo/v2/builtins.go:336.2,338.27 2 1
github.com/d5/tengo/v2/builtins.go:338.27,340.10 2 1
github.com/d5/tengo/v2/builtins.go:340.10,342.13 2 1
github.com/d5/tengo/v2/builtins.go:343.11,344.19 1 1
github.com/d5/tengo/v2/builtins.go:345.11,346.18 1 1
github.com/d5/tengo/v2/builtins.go:347.11,348.18 1 1
github.com/d5/tengo/v2/builtins.go:351.4,355.5 1 1
github.com/d5/tengo/v2/builtins.go:357.3,357.29 1 1
github.com/d5/tengo/v2/builtins.go:357.29,359.4 1 1
github.com/d5/tengo/v2/builtins.go:360.3,360.12 1 1
github.com/d5/tengo/v2/builtins.go:361.10,362.13 1 1
github.com/d5/tengo/v2/builtins.go:363.10,364.12 1 1
github.com/d5/tengo/v2/builtins.go:365.10,366.12 1 1
github.com/d5/tengo/v2/builtins.go:370.2,370.17 1 1
github.com/d5/tengo/v2/builtins.go:370.17,372.3 1 1
github.com/d5/tengo/v2/builtins.go:374.2,374.61 1 1
github.com/d5/tengo/v2/builtins.go:377.49,379.19 2 1
github.com/d5/tengo/v2/builtins.go:379.19,380.39 1 1
github.com/d5/tengo/v2/builtins.go:380.39,384.4 1 1
github.com/d5/tengo/v2/builtins.go:385.8,386.39 1 1
github.com/d5/tengo/v2/builtins.go:386.39,390.4 1 1
github.com/d5/tengo/v2/builtins.go:392.2,392.14 1 1
github.com/d5/tengo/v2/builtins.go:395.52,397.18 2 1
github.com/d5/tengo/v2/builtins.go:397.18,399.3 1 0
github.com/d5/tengo/v2/builtins.go:400.2,401.9 2 1
github.com/d5/tengo/v2/builtins.go:401.9,407.3 1 0
github.com/d5/tengo/v2/builtins.go:408.2,408.18 1 1
github.com/d5/tengo/v2/builtins.go:408.18,411.3 1 1
github.com/d5/tengo/v2/builtins.go:412.2,413.16 2 1
github.com/d5/tengo/v2/builtins.go:413.16,415.3 1 0
github.com/d5/tengo/v2/builtins.go:416.2,416.31 1 1
github.com/d5/tengo/v2/builtins.go:419.50,420.20 1 1
github.com/d5/tengo/v2/builtins.go:420.20,422.3 1 1
github.com/d5/tengo/v2/builtins.go:423.2,423.28 1 1
github.com/d5/tengo/v2/builtins.go:426.52,428.37 2 1
github.com/d5/tengo/v2/builtins.go:428.37,430.3 1 0
github.com/d5/tengo/v2/builtins.go:431.2,431.36 1 1
github.com/d5/tengo/v2/builtins.go:431.36,433.3 1 1
github.com/d5/tengo/v2/builtins.go:434.2,435.8 2 1
github.com/d5/tengo/v2/builtins.go:435.8,436.28 1 1
github.com/d5/tengo/v2/builtins.go:436.28,438.4 1 0
github.com/d5/tengo/v2/builtins.go:439.3,439.32 1 1
github.com/d5/tengo/v2/builtins.go:441.2,441.18 1 1
github.com/d5/tengo/v2/builtins.go:441.18,443.3 1 1
github.com/d5/tengo/v2/builtins.go:444.2,444.28 1 1
github.com/d5/tengo/v2/builtins.go:447.49,449.37 2 1
github.com/d5/tengo/v2/builtins.go:449.37,451.3 1 0
github.com/d5/tengo/v2/builtins.go:452.2,452.33 1 1
github.com/d5/tengo/v2/builtins.go:452.33,454.3 1 1
github.com/d5/tengo/v2/builtins.go:455.2,456.8 2 1
github.com/d5/tengo/v2/builtins.go:456.8,458.3 1 1
github.com/d5/tengo/v2/builtins.go:459.2,459.18 1 1
github.com/d5/tengo/v2/builtins.go:459.18,461.3 1 1
github.com/d5/tengo/v2/builtins.go:462.2,462.28 1 1
github.com/d5/tengo/v2/builtins.go:465.51,467.37 2 1
github.com/d5/tengo/v2/builtins.go:467.37,469.3 1 0
github.com/d5/tengo/v2/builtins.go:470.2,470.35 1 1
github.com/d5/tengo/v2/builtins.go:470.35,472.3 1 1
github.com/d5/tengo/v2/builtins.go:473.2,474.8 2 1
github.com/d5/tengo/v2/builtins.go:474.8,476.3 1 1
github.com/d5/tengo/v2/builtins.go:477.2,477.18 1 1
github.com/d5/tengo/v2/builtins.go:477.18,479.3 1 1
github.com/d5/tengo/v2/builtins.go:480.2,480.28 1 1
github.com/d5/tengo/v2/builtins.go:483.50,484.20 1 1
github.com/d5/tengo/v2/builtins.go:484.20,486.3 1 0
github.com/d5/tengo/v2/builtins.go:487.2,487.34 1 1
github.com/d5/tengo/v2/builtins.go:487.34,489.3 1 1
github.com/d5/tengo/v2/builtins.go:490.2,491.8 2 1
github.com/d5/tengo/v2/builtins.go:491.8,492.8 1 1
github.com/d5/tengo/v2/builtins.go:492.8,494.4 1 1
github.com/d5/tengo/v2/builtins.go:495.3,495.25 1 1
github.com/d5/tengo/v2/builtins.go:497.2,497.28 1 0
github.com/d5/tengo/v2/builtins.go:500.50,502.37 2 1
github.com/d5/tengo/v2/builtins.go:502.37,504.3 1 0
github.com/d5/tengo/v2/builtins.go:505.2,505.34 1 1
github.com/d5/tengo/v2/builtins.go:505.34,507.3 1 1
github.com/d5/tengo/v2/builtins.go:508.2,509.8 2 1
github.com/d5/tengo/v2/builtins.go:509.8,511.3 1 1
github.com/d5/tengo/v2/builtins.go:512.2,512.18 1 1
github.com/d5/tengo/v2/builtins.go:512.18,514.3 1 1
github.com/d5/tengo/v2/builtins.go:515.2,515.28 1 1
github.com/d5/tengo/v2/builtins.go:518.51,520.37 2 1
github.com/d5/tengo/v2/builtins.go:520.37,522.3 1 0
github.com/d5/tengo/v2/builtins.go:525.2,525.33 1 1
github.com/d5/tengo/v2/builtins.go:525.33,526.35 1 1
github.com/d5/tengo/v2/builtins.go:526.35,528.4 1 1
github.com/d5/tengo/v2/builtins.go:529.3,529.56 1 1
github.com/d5/tengo/v2/builtins.go:531.2,532.8 2 1
github.com/d5/tengo/v2/builtins.go:532.8,533.27 1 1
github.com/d5/tengo/v2/builtins.go:533.27,535.4 1 0
github.com/d5/tengo/v2/builtins.go:536.3,536.31 1 1
github.com/d5/tengo/v2/builtins.go:538.2,538.18 1 1
github.com/d5/tengo/v2/builtins.go:538.18,540.3 1 1
github.com/d5/tengo/v2/builtins.go:541.2,541.28 1 1
github.com/d5/tengo/v2/builtins.go:544.50,546.37 2 1
github.com/d5/tengo/v2/builtins.go:546.37,548.3 1 0
github.com/d5/tengo/v2/builtins.go:549.2,549.34 1 1
github.com/d5/tengo/v2/builtins.go:549.34,551.3 1 0
github.com/d5/tengo/v2/builtins.go:552.2,553.8 2 1
github.com/d5/tengo/v2/builtins.go:553.8,555.3 1 1
github.com/d5/tengo/v2/builtins.go:556.2,556.18 1 0
github.com/d5/tengo/v2/builtins.go:556.18,558.3 1 0
github.com/d5/tengo/v2/builtins.go:559.2,559.28 1 0
github.com/d5/tengo/v2/builtins.go:563.52,564.19 1 1
github.com/d5/tengo/v2/builtins.go:564.19,566.3 1 0
github.com/d5/tengo/v2/builtins.go:567.2,567.31 1 1
github.com/d5/tengo/v2/builtins.go:568.14,569.60 1 1
github.com/d5/tengo/v2/builtins.go:570.23,571.60 1 0
github.com/d5/tengo/v2/builtins.go:572.10,577.4 1 0
github.com/d5/tengo/v2/builtins.go:584.52,586.18 2 1
github.com/d5/tengo/v2/builtins.go:586.18,588.3 1 1
github.com/d5/tengo/v2/builtins.go:589.2,589.31 1 1
github.com/d5/tengo/v2/builtins.go:590.12,591.39 1 1
github.com/d5/tengo/v2/builtins.go:591.39,594.4 2 1
github.com/d5/tengo/v2/builtins.go:595.3,599.4 1 1
github.com/d5/tengo/v2/builtins.go:600.10,605.4 1 1
github.com/d5/tengo/v2/builtins.go:612.52,614.18 2 1
github.com/d5/tengo/v2/builtins.go:614.18,616.3 1 1
github.com/d5/tengo/v2/builtins.go:618.2,619.9 2 1
github.com/d5/tengo/v2/builtins.go:619.9,625.3 1 1
github.com/d5/tengo/v2/builtins.go:626.2,629.17 3 1
github.com/d5/tengo/v2/builtins.go:629.17,631.10 2 1
github.com/d5/tengo/v2/builtins.go:631.10,637.4 1 1
github.com/d5/tengo/v2/builtins.go:638.3,639.42 2 1
github.com/d5/tengo/v2/builtins.go:639.42,641.4 1 1
github.com/d5/tengo/v2/builtins.go:644.2,645.17 2 1
github.com/d5/tengo/v2/builtins.go:645.17,647.10 2 1
github.com/d5/tengo/v2/builtins.go:647.10,653.4 1 1
github.com/d5/tengo/v2/builtins.go:654.3,655.19 2 1
github.com/d5/tengo/v2/builtins.go:655.19,657.4 1 1
github.com/d5/tengo/v2/builtins.go:660.2,660.34 1 1
github.com/d5/tengo/v2/builtins.go:660.34,662.3 1 1
github.com/d5/tengo/v2/builtins.go:664.2,669.17 5 1
github.com/d5/tengo/v2/builtins.go:669.17,671.32 2 1
github.com/d5/tengo/v2/builtins.go:671.32,673.4 1 1
github.com/d5/tengo/v2/builtins.go:675.2,679.36 3 1
github.com/d5/tengo/v2/bytecode.go:20.46,22.46 2 1
github.com/d5/tengo/v2/bytecode.go:22.46,24.3 1 0
github.com/d5/tengo/v2/bytecode.go:25.2,25.51 1 1
github.com/d5/tengo/v2/bytecode.go:25.51,27.3 1 0
github.com/d5/tengo/v2/bytecode.go:28.2,28.32 1 1
github.com/d5/tengo/v2/bytecode.go:32.39,34.32 2 1
github.com/d5/tengo/v2/bytecode.go:34.32,36.3 1 1
github.com/d5/tengo/v2/bytecode.go:37.2,37.10 1 1
github.com/d5/tengo/v2/bytecode.go:42.50,44.2 1 1
github.com/d5/tengo/v2/bytecode.go:48.56,49.36 1 1
github.com/d5/tengo/v2/bytecode.go:49.36,50.26 1 1
github.com/d5/tengo/v2/bytecode.go:51.26,54.61 2 1
github.com/d5/tengo/v2/bytecode.go:54.61,56.5 1 1
github.com/d5/tengo/v2/bytecode.go:57.11,59.54 1 1
github.com/d5/tengo/v2/bytecode.go:62.2,62.8 1 1
github.com/d5/tengo/v2/bytecode.go:66.66,67.20 1 1
github.com/d5/tengo/v2/bytecode.go:67.20,69.3 1 1
github.com/d5/tengo/v2/bytecode.go:71.2,72.47 2 1
github.com/d5/tengo/v2/bytecode.go:72.47,74.3 1 0
github.com/d5/tengo/v2/bytecode.go:78.2,78.52 1 1
github.com/d5/tengo/v2/bytecode.go:78.52,80.3 1 0
github.com/d5/tengo/v2/bytecode.go:81.2,81.49 1 1
github.com/d5/tengo/v2/bytecode.go:81.49,83.3 1 0
github.com/d5/tengo/v2/bytecode.go:84.2,84.32 1 1
github.com/d5/tengo/v2/bytecode.go:84.32,86.17 2 1
github.com/d5/tengo/v2/bytecode.go:86.17,88.4 1 0
github.com/d5/tengo/v2/bytecode.go:89.3,89.22 1 1
github.com/d5/tengo/v2/bytecode.go:91.2,91.12 1 1
github.com/d5/tengo/v2/bytecode.go:96.39,107.37 9 1
github.com/d5/tengo/v2/bytecode.go:107.37,108.24 1 1
github.com/d5/tengo/v2/bytecode.go:109.26,110.32 1 1
github.com/d5/tengo/v2/bytecode.go:110.32,112.5 1 1
github.com/d5/tengo/v2/bytecode.go:112.10,117.5 4 1
github.com/d5/tengo/v2/bytecode.go:118.22,121.27 3 1
github.com/d5/tengo/v2/bytecode.go:121.27,123.5 1 0
github.com/d5/tengo/v2/bytecode.go:123.10,128.5 4 1
github.com/d5/tengo/v2/bytecode.go:129.13,130.39 1 1
github.com/d5/tengo/v2/bytecode.go:130.39,132.5 1 1
github.com/d5/tengo/v2/bytecode.go:132.10,137.5 4 1
github.com/d5/tengo/v2/bytecode.go:138.16,139.42 1 1
github.com/d5/tengo/v2/bytecode.go:139.42,141.5 1 1
github.com/d5/tengo/v2/bytecode.go:141.10,146.5 4 1
github.com/d5/tengo/v2/bytecode.go:147.15,148.41 1 1
github.com/d5/tengo/v2/bytecode.go:148.41,150.5 1 1
github.com/d5/tengo/v2/bytecode.go:150.10,155.5 4 1
github.com/d5/tengo/v2/bytecode.go:156.14,157.40 1 1
github.com/d5/tengo/v2/bytecode.go:157.40,159.5 1 1
github.com/d5/tengo/v2/bytecode.go:159.10,164.5 4 1
github.com/d5/tengo/v2/bytecode.go:165.11,167.19 1 0
github.com/d5/tengo/v2/bytecode.go:172.2,178.32 3 1
github.com/d5/tengo/v2/bytecode.go:178.32,179.24 1 1
github.com/d5/tengo/v2/bytecode.go:180.26,181.48 1 1
github.com/d5/tengo/v2/bytecode.go:189.19,190.23 1 1
github.com/d5/tengo/v2/bytecode.go:191.13,192.18 1 1
github.com/d5/tengo/v2/bytecode.go:192.18,194.4 1 1
github.com/d5/tengo/v2/bytecode.go:195.3,195.24 1 1
github.com/d5/tengo/v2/bytecode.go:196.18,197.29 1 1
github.com/d5/tengo/v2/bytecode.go:198.14,199.29 1 0
github.com/d5/tengo/v2/bytecode.go:199.29,201.18 2 0
github.com/d5/tengo/v2/bytecode.go:201.18,203.5 1 0
github.com/d5/tengo/v2/bytecode.go:204.4,204.19 1 0
github.com/d5/tengo/v2/bytecode.go:206.23,207.29 1 1
github.com/d5/tengo/v2/bytecode.go:207.29,209.18 2 1
github.com/d5/tengo/v2/bytecode.go:209.18,211.5 1 0
github.com/d5/tengo/v2/bytecode.go:212.4,212.19 1 1
github.com/d5/tengo/v2/bytecode.go:214.12,215.29 1 1
github.com/d5/tengo/v2/bytecode.go:215.29,217.18 2 1
github.com/d5/tengo/v2/bytecode.go:217.18,219.5 1 0
github.com/d5/tengo/v2/bytecode.go:220.4,220.19 1 1
github.com/d5/tengo/v2/bytecode.go:222.21,224.59 2 1
github.com/d5/tengo/v2/bytecode.go:224.59,226.4 1 0
github.com/d5/tengo/v2/bytecode.go:228.3,228.29 1 1
github.com/d5/tengo/v2/bytecode.go:228.29,230.62 1 1
github.com/d5/tengo/v2/bytecode.go:230.62,232.5 1 0
github.com/d5/tengo/v2/bytecode.go:234.4,235.18 2 1
github.com/d5/tengo/v2/bytecode.go:235.18,237.5 1 0
github.com/d5/tengo/v2/bytecode.go:238.4,238.19 1 1
github.com/d5/tengo/v2/bytecode.go:241.2,241.15 1 1
github.com/d5/tengo/v2/bytecode.go:244.61,246.21 2 1
github.com/d5/tengo/v2/bytecode.go:246.21,251.13 4 1
github.com/d5/tengo/v2/bytecode.go:252.26,255.11 3 1
github.com/d5/tengo/v2/bytecode.go:255.11,256.62 1 0
github.com/d5/tengo/v2/bytecode.go:258.4,258.48 1 1
github.com/d5/tengo/v2/bytecode.go:259.25,263.11 4 1
github.com/d5/tengo/v2/bytecode.go:263.11,264.62 1 0
github.com/d5/tengo/v2/bytecode.go:266.4,266.57 1 1
github.com/d5/tengo/v2/bytecode.go:269.3,269.16 1 1
github.com/d5/tengo/v2/bytecode.go:273.48,274.63 1 1
github.com/d5/tengo/v2/bytecode.go:274.63,276.3 1 1
github.com/d5/tengo/v2/bytecode.go:277.2,277.11 1 1
github.com/d5/tengo/v2/bytecode.go:280.13,298.2 17 1
github.com/d5/tengo/v2/compiler.go:39.40,42.2 2 1
github.com/d5/tengo/v2/compiler.go:71.13,78.24 2 1
github.com/d5/tengo/v2/compiler.go:78.24,80.3 1 1
github.com/d5/tengo/v2/compiler.go:83.2,83.36 1 1
github.com/d5/tengo/v2/compiler.go:83.36,85.3 1 1
github.com/d5/tengo/v2/compiler.go:88.2,88.20 1 1
github.com/d5/tengo/v2/compiler.go:88.20,90.3 1 1
github.com/d5/tengo/v2/compiler.go:92.2,103.3 1 1
github.com/d5/tengo/v2/compiler.go:107.52,108.20 1 1
github.com/d5/tengo/v2/compiler.go:108.20,109.18 1 1
github.com/d5/tengo/v2/compiler.go:109.18,112.4 1 1
github.com/d5/tengo/v2/compiler.go:112.9,114.4 1 0
github.com/d5/tengo/v2/compiler.go:117.2,117.29 1 1
github.com/d5/tengo/v2/compiler.go:118.20,119.35 1 1
github.com/d5/tengo/v2/compiler.go:119.35,120.42 1 1
github.com/d5/tengo/v2/compiler.go:120.42,122.5 1 1
github.com/d5/tengo/v2/compiler.go:124.24,125.46 1 1
github.com/d5/tengo/v2/compiler.go:125.46,127.4 1 1
github.com/d5/tengo/v2/compiler.go:128.3,128.29 1 1
github.com/d5/tengo/v2/compiler.go:129.26,131.30 2 1
github.com/d5/tengo/v2/compiler.go:131.30,133.4 1 1
github.com/d5/tengo/v2/compiler.go:134.3,135.48 1 1
github.com/d5/tengo/v2/compiler.go:136.25,137.46 1 1
github.com/d5/tengo/v2/compiler.go:137.46,139.4 1 1
github.com/d5/tengo/v2/compiler.go:140.26,141.58 1 1
github.com/d5/tengo/v2/compiler.go:141.58,143.4 1 1
github.com/d5/tengo/v2/compiler.go:145.3,145.45 1 1
github.com/d5/tengo/v2/compiler.go:145.45,147.4 1 0
github.com/d5/tengo/v2/compiler.go:148.3,148.45 1 1
github.com/d5/tengo/v2/compiler.go:148.45,150.4 1 0
github.com/d5/tengo/v2/compiler.go:152.3,152.21 1 1
github.com/d5/tengo/v2/compiler.go:153.18,154.51 1 1
github.com/d5/tengo/v2/compiler.go:155.18,156.51 1 1
github.com/d5/tengo/v2/compiler.go:157.18,158.51 1 1
github.com/d5/tengo/v2/compiler.go:159.18,160.51 1 1
github.com/d5/tengo/v2/compiler.go:161.18,162.51 1 1
github.com/d5/tengo/v2/compiler.go:163.22,164.55 1 1
github.com/d5/tengo/v2/compiler.go:165.24,166.57 1 1
github.com/d5/tengo/v2/compiler.go:167.19,168.52 1 1
github.com/d5/tengo/v2/compiler.go:169.21,170.54 1 1
github.com/d5/tengo/v2/compiler.go:171.20,172.32 1 1
github.com/d5/tengo/v2/compiler.go:173.23,174.35 1 1
github.com/d5/tengo/v2/compiler.go:175.18,176.51 1 1
github.com/d5/tengo/v2/compiler.go:177.17,178.50 1 1
github.com/d5/tengo/v2/compiler.go:179.18,180.51 1 1
github.com/d5/tengo/v2/compiler.go:181.21,182.54 1 1
github.com/d5/tengo/v2/compiler.go:183.18,184.51 1 1
github.com/d5/tengo/v2/compiler.go:185.18,186.51 1 1
github.com/d5/tengo/v2/compiler.go:187.11,189.25 1 0
github.com/d5/tengo/v2/compiler.go:191.22,193.43 1 1
github.com/d5/tengo/v2/compiler.go:194.24,196.45 1 1
github.com/d5/tengo/v2/compiler.go:197.23,198.17 1 1
github.com/d5/tengo/v2/compiler.go:198.17,200.4 1 1
github.com/d5/tengo/v2/compiler.go:200.9,202.4 1 1
github.com/d5/tengo/v2/compiler.go:203.25,204.37 1 1
github.com/d5/tengo/v2/compiler.go:204.37,206.4 1 1
github.com/d5/tengo/v2/compiler.go:207.3,208.46 1 1
github.com/d5/tengo/v2/compiler.go:209.23,211.44 1 1
github.com/d5/tengo/v2/compiler.go:212.28,213.30 1 1
github.com/d5/tengo/v2/compiler.go:214.25,215.46 1 1
github.com/d5/tengo/v2/compiler.go:215.46,217.4 1 0
github.com/d5/tengo/v2/compiler.go:219.3,219.21 1 1
github.com/d5/tengo/v2/compiler.go:220.18,221.31 1 1
github.com/d5/tengo/v2/compiler.go:222.18,223.32 1 1
github.com/d5/tengo/v2/compiler.go:224.18,225.38 1 1
github.com/d5/tengo/v2/compiler.go:226.18,226.18 0 1
github.com/d5/tengo/v2/compiler.go:228.11,230.55 1 0
github.com/d5/tengo/v2/compiler.go:232.22,235.16 2 1
github.com/d5/tengo/v2/compiler.go:235.16,237.4 1 1
github.com/d5/tengo/v2/compiler.go:239.3,239.23 1 1
github.com/d5/tengo/v2/compiler.go:239.23,240.47 1 1
github.com/d5/tengo/v2/compiler.go:240.47,242.5 1 0
github.com/d5/tengo/v2/compiler.go:244.3,244.46 1 1
github.com/d5/tengo/v2/compiler.go:244.46,246.4 1 0
github.com/d5/tengo/v2/compiler.go:249.3,250.46 2 1
github.com/d5/tengo/v2/compiler.go:250.46,252.4 1 0
github.com/d5/tengo/v2/compiler.go:253.3,253.23 1 1
github.com/d5/tengo/v2/compiler.go:253.23,260.47 4 1
github.com/d5/tengo/v2/compiler.go:260.47,262.5 1 0
github.com/d5/tengo/v2/compiler.go:265.4,266.37 2 1
github.com/d5/tengo/v2/compiler.go:267.9,271.4 2 1
github.com/d5/tengo/v2/compiler.go:272.23,273.32 1 1
github.com/d5/tengo/v2/compiler.go:274.25,275.34 1 1
github.com/d5/tengo/v2/compiler.go:276.26,277.32 1 1
github.com/d5/tengo/v2/compiler.go:277.32,279.22 2 1
github.com/d5/tengo/v2/compiler.go:279.22,281.5 1 1
github.com/d5/tengo/v2/compiler.go:282.4,283.48 2 1
github.com/d5/tengo/v2/compiler.go:284.9,284.42 1 1
github.com/d5/tengo/v2/compiler.go:284.42,286.22 2 1
github.com/d5/tengo/v2/compiler.go:286.22,288.5 1 1
github.com/d5/tengo/v2/compiler.go:289.4,290.54 2 1
github.com/d5/tengo/v2/compiler.go:291.9,293.26 1 0
github.com/d5/tengo/v2/compiler.go:295.25,296.27 1 1
github.com/d5/tengo/v2/compiler.go:296.27,298.4 1 1
github.com/d5/tengo/v2/compiler.go:300.3,301.16 2 1
github.com/d5/tengo/v2/compiler.go:301.16,303.4 1 1
github.com/d5/tengo/v2/compiler.go:305.3,305.35 1 1
github.com/d5/tengo/v2/compiler.go:305.35,306.42 1 1
github.com/d5/tengo/v2/compiler.go:306.42,308.5 1 1
github.com/d5/tengo/v2/compiler.go:310.26,312.17 2 1
github.com/d5/tengo/v2/compiler.go:312.17,314.4 1 1
github.com/d5/tengo/v2/compiler.go:315.21,317.10 2 1
github.com/d5/tengo/v2/compiler.go:317.10,319.4 1 1
github.com/d5/tengo/v2/compiler.go:321.3,321.23 1 1
github.com/d5/tengo/v2/compiler.go:322.20,323.50 1 1
github.com/d5/tengo/v2/compiler.go:324.19,325.49 1 1
github.com/d5/tengo/v2/compiler.go:326.21,327.51 1 1
github.com/d5/tengo/v2/compiler.go:328.18,329.48 1 1
github.com/d5/tengo/v2/compiler.go:331.24,332.38 1 1
github.com/d5/tengo/v2/compiler.go:332.38,333.42 1 1
github.com/d5/tengo/v2/compiler.go:333.42,335.5 1 0
github.com/d5/tengo/v2/compiler.go:337.3,337.51 1 1
github.com/d5/tengo/v2/compiler.go:338.22,339.37 1 1
github.com/d5/tengo/v2/compiler.go:339.37,341.35 1 1
github.com/d5/tengo/v2/compiler.go:341.35,343.5 1 0
github.com/d5/tengo/v2/compiler.go:344.4,348.47 2 1
github.com/d5/tengo/v2/compiler.go:348.47,350.5 1 0
github.com/d5/tengo/v2/compiler.go:352.3,352.51 1 1
github.com/d5/tengo/v2/compiler.go:354.28,355.46 1 1
github.com/d5/tengo/v2/compiler.go:355.46,357.4 1 0
github.com/d5/tengo/v2/compiler.go:358.3,358.45 1 1
github.com/d5/tengo/v2/compiler.go:358.45,360.4 1 0
github.com/d5/tengo/v2/compiler.go:361.3,361.31 1 1
github.com/d5/tengo/v2/compiler.go:362.25,363.46 1 1
github.com/d5/tengo/v2/compiler.go:363.46,365.4 1 0
github.com/d5/tengo/v2/compiler.go:366.3,366.47 1 1
github.com/d5/tengo/v2/compiler.go:366.47,368.4 1 0
github.com/d5/tengo/v2/compiler.go:369.3,369.31 1 1
github.com/d5/tengo/v2/compiler.go:370.25,371.46 1 1
github.com/d5/tengo/v2/compiler.go:371.46,373.4 1 0
github.com/d5/tengo/v2/compiler.go:374.3,374.22 1 1
github.com/d5/tengo/v2/compiler.go:374.22,375.46 1 1
github.com/d5/tengo/v2/compiler.go:375.46,377.5 1 0
github.com/d5/tengo/v2/compiler.go:378.9,380.4 1 1
github.com/d5/tengo/v2/compiler.go:381.3,381.23 1 1
github.com/d5/tengo/v2/compiler.go:381.23,382.47 1 1
github.com/d5/tengo/v2/compiler.go:382.47,384.5 1 0
github.com/d5/tengo/v2/compiler.go:385.9,387.4 1 1
github.com/d5/tengo/v2/compiler.go:388.3,388.36 1 1
github.com/d5/tengo/v2/compiler.go:389.23,392.43 2 1
github.com/d5/tengo/v2/compiler.go:392.43,397.4 2 1
github.com/d5/tengo/v2/compiler.go:399.3,399.46 1 1
github.com/d5/tengo/v2/compiler.go:399.46,401.4 1 1
github.com/d5/tengo/v2/compiler.go:404.3,410.33 5 1
github.com/d5/tengo/v2/compiler.go:410.33,411.19 1 1
github.com/d5/tengo/v2/compiler.go:412.20,413.25 1 1
github.com/d5/tengo/v2/compiler.go:413.25,456.6 3 1
github.com/d5/tengo/v2/compiler.go:457.5,457.48 1 1
github.com/d5/tengo/v2/compiler.go:458.19,459.47 1 1
github.com/d5/tengo/v2/compiler.go:463.3,470.27 2 1
github.com/d5/tengo/v2/compiler.go:470.27,473.4 1 1
github.com/d5/tengo/v2/compiler.go:473.9,475.4 1 1
github.com/d5/tengo/v2/compiler.go:476.26,477.40 1 1
github.com/d5/tengo/v2/compiler.go:477.40,480.4 1 1
github.com/d5/tengo/v2/compiler.go:482.3,482.25 1 1
github.com/d5/tengo/v2/compiler.go:482.25,484.4 1 1
github.com/d5/tengo/v2/compiler.go:484.9,485.49 1 1
github.com/d5/tengo/v2/compiler.go:485.49,487.5 1 0
github.com/d5/tengo/v2/compiler.go:488.4,488.36 1 1
github.com/d5/tengo/v2/compiler.go:490.24,491.46 1 1
github.com/d5/tengo/v2/compiler.go:491.46,493.4 1 1
github.com/d5/tengo/v2/compiler.go:494.3,494.33 1 1
github.com/d5/tengo/v2/compiler.go:494.33,495.41 1 1
github.com/d5/tengo/v2/compiler.go:495.41,497.5 1 1
github.com/d5/tengo/v2/compiler.go:499.3,500.30 2 1
github.com/d5/tengo/v2/compiler.go:500.30,502.4 1 1
github.com/d5/tengo/v2/compiler.go:503.3,503.56 1 1
github.com/d5/tengo/v2/compiler.go:504.26,505.28 1 1
github.com/d5/tengo/v2/compiler.go:505.28,507.4 1 1
github.com/d5/tengo/v2/compiler.go:509.3,509.56 1 1
github.com/d5/tengo/v2/compiler.go:509.56,511.18 2 1
github.com/d5/tengo/v2/compiler.go:511.18,513.5 1 0
github.com/d5/tengo/v2/compiler.go:515.4,515.25 1 1
github.com/d5/tengo/v2/compiler.go:516.16,519.19 2 1
github.com/d5/tengo/v2/compiler.go:519.19,521.6 1 1
github.com/d5/tengo/v2/compiler.go:522.5,523.38 2 1
github.com/d5/tengo/v2/compiler.go:524.16,525.54 1 1
github.com/d5/tengo/v2/compiler.go:526.12,527.58 1 0
github.com/d5/tengo/v2/compiler.go:529.9,529.31 1 1
github.com/d5/tengo/v2/compiler.go:529.31,533.18 3 1
github.com/d5/tengo/v2/compiler.go:533.18,536.5 1 0
github.com/d5/tengo/v2/compiler.go:538.4,539.18 2 1
github.com/d5/tengo/v2/compiler.go:539.18,542.5 1 0
github.com/d5/tengo/v2/compiler.go:544.4,545.18 2 1
github.com/d5/tengo/v2/compiler.go:545.18,547.5 1 0
github.com/d5/tengo/v2/compiler.go:548.4,549.37 2 1
github.com/d5/tengo/v2/compiler.go:550.9,552.4 1 1
github.com/d5/tengo/v2/compiler.go:553.26,555.24 1 1
github.com/d5/tengo/v2/compiler.go:555.24,557.4 1 1
github.com/d5/tengo/v2/compiler.go:560.3,560.22 1 1
github.com/d5/tengo/v2/compiler.go:560.22,561.9 1 1
github.com/d5/tengo/v2/compiler.go:563.3,563.48 1 1
github.com/d5/tengo/v2/compiler.go:563.48,565.4 1 1
github.com/d5/tengo/v2/compiler.go:566.3,567.35 2 1
github.com/d5/tengo/v2/compiler.go:568.25,569.46 1 1
github.com/d5/tengo/v2/compiler.go:569.46,571.4 1 0
github.com/d5/tengo/v2/compiler.go:572.3,572.31 1 1
github.com/d5/tengo/v2/compiler.go:573.29,574.46 1 1
github.com/d5/tengo/v2/compiler.go:574.46,576.4 1 0
github.com/d5/tengo/v2/compiler.go:577.3,577.35 1 1
github.com/d5/tengo/v2/compiler.go:578.24,579.46 1 1
github.com/d5/tengo/v2/compiler.go:579.46,581.4 1 0
github.com/d5/tengo/v2/compiler.go:584.3,585.46 2 1
github.com/d5/tengo/v2/compiler.go:585.46,587.4 1 0
github.com/d5/tengo/v2/compiler.go:590.3,595.47 4 1
github.com/d5/tengo/v2/compiler.go:595.47,597.4 1 0
github.com/d5/tengo/v2/compiler.go:600.3,601.36 2 1
github.com/d5/tengo/v2/compiler.go:603.2,603.12 1 1
github.com/d5/tengo/v2/compiler.go:607.41,616.2 1 1
github.com/d5/tengo/v2/compiler.go:620.50,622.2 1 1
github.com/d5/tengo/v2/compiler.go:625.45,627.2 1 1
github.com/d5/tengo/v2/compiler.go:639.59,640.20 1 1
github.com/d5/tengo/v2/compiler.go:640.20,642.3 1 1
github.com/d5/tengo/v2/compiler.go:644.2,644.27 1 1
github.com/d5/tengo/v2/compiler.go:644.27,645.44 1 1
github.com/d5/tengo/v2/compiler.go:645.44,647.4 1 1
github.com/d5/tengo/v2/compiler.go:650.2,652.12 2 1
github.com/d5/tengo/v2/compiler.go:658.48,660.2 1 1
github.com/d5/tengo/v2/compiler.go:666.9,668.30 2 1
github.com/d5/tengo/v2/compiler.go:668.30,670.3 1 1
github.com/d5/tengo/v2/compiler.go:673.2,676.38 3 1
github.com/d5/tengo/v2/compiler.go:676.38,679.3 1 1
github.com/d5/tengo/v2/compiler.go:681.2,683.24 3 1
github.com/d5/tengo/v2/compiler.go:683.24,684.27 1 1
github.com/d5/tengo/v2/compiler.go:684.27,686.4 1 1
github.com/d5/tengo/v2/compiler.go:687.3,687.13 1 1
github.com/d5/tengo/v2/compiler.go:687.13,689.4 1 1
github.com/d5/tengo/v2/compiler.go:690.8,691.14 1 1
github.com/d5/tengo/v2/compiler.go:691.14,693.4 1 1
github.com/d5/tengo/v2/compiler.go:697.2,697.46 1 1
github.com/d5/tengo/v2/compiler.go:697.46,698.43 1 1
github.com/d5/tengo/v2/compiler.go:698.43,700.4 1 0
github.com/d5/tengo/v2/compiler.go:704.2,704.27 1 1
github.com/d5/tengo/v2/compiler.go:704.27,705.41 1 1
github.com/d5/tengo/v2/compiler.go:705.41,707.4 1 1
github.com/d5/tengo/v2/compiler.go:710.2,710.35 1 1
github.com/d5/tengo/v2/compiler.go:710.35,712.3 1 1
github.com/d5/tengo/v2/compiler.go:714.2,714.12 1 1
github.com/d5/tengo/v2/compiler.go:715.23,716.50 1 1
github.com/d5/tengo/v2/compiler.go:717.23,718.50 1 1
github.com/d5/tengo/v2/compiler.go:719.23,720.50 1 1
github.com/d5/tengo/v2/compiler.go:721.23,722.50 1 1
github.com/d5/tengo/v2/compiler.go:723.23,724.50 1 0
github.com/d5/tengo/v2/compiler.go:725.23,726.50 1 1
github.com/d5/tengo/v2/compiler.go:727.22,728.49 1 1
github.com/d5/tengo/v2/compiler.go:729.26,730.53 1 1
github.com/d5/tengo/v2/compiler.go:731.23,732.50 1 1
github.com/d5/tengo/v2/compiler.go:733.23,734.50 1 1
github.com/d5/tengo/v2/compiler.go:735.23,736.50 1 1
github.com/d5/tengo/v2/compiler.go:740.2,740.35 1 1
github.com/d5/tengo/v2/compiler.go:740.35,741.49 1 1
github.com/d5/tengo/v2/compiler.go:741.49,743.4 1 0
github.com/d5/tengo/v2/compiler.go:746.2,746.22 1 1
github.com/d5/tengo/v2/compiler.go:747.19,748.17 1 1
github.com/d5/tengo/v2/compiler.go:748.17,750.4 1 1
github.com/d5/tengo/v2/compiler.go:750.9,752.4 1 1
github.com/d5/tengo/v2/compiler.go:753.18,754.17 1 1
github.com/d5/tengo/v2/compiler.go:754.17,756.4 1 1
github.com/d5/tengo/v2/compiler.go:756.9,757.51 1 1
github.com/d5/tengo/v2/compiler.go:757.51,759.5 1 1
github.com/d5/tengo/v2/compiler.go:759.10,761.5 1 1
github.com/d5/tengo/v2/compiler.go:765.3,765.30 1 1
github.com/d5/tengo/v2/compiler.go:766.17,767.17 1 1
github.com/d5/tengo/v2/compiler.go:767.17,769.4 1 1
github.com/d5/tengo/v2/compiler.go:769.9,771.4 1 1
github.com/d5/tengo/v2/compiler.go:772.10,774.18 1 0
github.com/d5/tengo/v2/compiler.go:776.2,776.12 1 1
github.com/d5/tengo/v2/compiler.go:779.66,781.44 1 1
github.com/d5/tengo/v2/compiler.go:781.44,783.3 1 0
github.com/d5/tengo/v2/compiler.go:786.2,787.30 2 1
github.com/d5/tengo/v2/compiler.go:787.30,789.3 1 1
github.com/d5/tengo/v2/compiler.go:789.8,791.3 1 1
github.com/d5/tengo/v2/compiler.go:794.2,794.44 1 1
github.com/d5/tengo/v2/compiler.go:794.44,796.3 1 0
github.com/d5/tengo/v2/compiler.go:798.2,799.12 2 1
github.com/d5/tengo/v2/compiler.go:802.63,804.15 2 1
github.com/d5/tengo/v2/compiler.go:804.15,806.3 1 1
github.com/d5/tengo/v2/compiler.go:809.2,809.22 1 1
github.com/d5/tengo/v2/compiler.go:809.22,810.46 1 1
github.com/d5/tengo/v2/compiler.go:810.46,812.4 1 0
github.com/d5/tengo/v2/compiler.go:816.2,820.22 3 1
github.com/d5/tengo/v2/compiler.go:820.22,821.46 1 1
github.com/d5/tengo/v2/compiler.go:821.46,823.4 1 0
github.com/d5/tengo/v2/compiler.go:825.3,825.52 1 1
github.com/d5/tengo/v2/compiler.go:829.2,832.45 2 1
github.com/d5/tengo/v2/compiler.go:832.45,835.3 2 0
github.com/d5/tengo/v2/compiler.go:837.2,843.22 3 1
github.com/d5/tengo/v2/compiler.go:843.22,844.46 1 1
github.com/d5/tengo/v2/compiler.go:844.46,846.4 1 0
github.com/d5/tengo/v2/compiler.go:850.2,854.22 3 1
github.com/d5/tengo/v2/compiler.go:854.22,856.3 1 1
github.com/d5/tengo/v2/compiler.go:859.2,859.34 1 1
github.com/d5/tengo/v2/compiler.go:859.34,861.3 1 1
github.com/d5/tengo/v2/compiler.go:862.2,862.37 1 1
github.com/d5/tengo/v2/compiler.go:862.37,864.3 1 1
github.com/d5/tengo/v2/compiler.go:865.2,865.12 1 1
github.com/d5/tengo/v2/compiler.go:868.67,870.15 2 1
github.com/d5/tengo/v2/compiler.go:870.15,872.3 1 1
github.com/d5/tengo/v2/compiler.go:887.2,888.49 2 1
github.com/d5/tengo/v2/compiler.go:888.49,890.3 1 0
github.com/d5/tengo/v2/compiler.go:891.2,892.35 2 1
github.com/d5/tengo/v2/compiler.go:892.35,894.3 1 1
github.com/d5/tengo/v2/compiler.go:894.8,896.3 1 1
github.com/d5/tengo/v2/compiler.go:899.2,903.35 2 1
github.com/d5/tengo/v2/compiler.go:903.35,905.3 1 1
github.com/d5/tengo/v2/compiler.go:905.8,907.3 1 1
github.com/d5/tengo/v2/compiler.go:908.2,917.26 4 1
github.com/d5/tengo/v2/compiler.go:917.26,919.36 2 1
github.com/d5/tengo/v2/compiler.go:919.36,921.4 1 1
github.com/d5/tengo/v2/compiler.go:921.9,923.4 1 1
github.com/d5/tengo/v2/compiler.go:924.3,925.37 2 1
github.com/d5/tengo/v2/compiler.go:925.37,927.4 1 1
github.com/d5/tengo/v2/compiler.go:927.9,930.4 2 1
github.com/d5/tengo/v2/compiler.go:934.2,934.28 1 1
github.com/d5/tengo/v2/compiler.go:934.28,936.36 2 1
github.com/d5/tengo/v2/compiler.go:936.36,938.4 1 1
github.com/d5/tengo/v2/compiler.go:938.9,940.4 1 1
github.com/d5/tengo/v2/compiler.go:941.3,942.39 2 1
github.com/d5/tengo/v2/compiler.go:942.39,944.4 1 1
github.com/d5/tengo/v2/compiler.go:944.9,947.4 2 1
github.com/d5/tengo/v2/compiler.go:951.2,951.45 1 1
github.com/d5/tengo/v2/compiler.go:951.45,954.3 2 0
github.com/d5/tengo/v2/compiler.go:956.2,969.34 6 1
github.com/d5/tengo/v2/compiler.go:969.34,971.3 1 1
github.com/d5/tengo/v2/compiler.go:972.2,972.37 1 1
github.com/d5/tengo/v2/compiler.go:972.37,974.3 1 1
github.com/d5/tengo/v2/compiler.go:975.2,975.12 1 1
github.com/d5/tengo/v2/compiler.go:981.9,982.32 1 1
github.com/d5/tengo/v2/compiler.go:982.32,984.3 1 1
github.com/d5/tengo/v2/compiler.go:984.8,984.28 1 1
github.com/d5/tengo/v2/compiler.go:984.28,986.3 1 1
github.com/d5/tengo/v2/compiler.go:987.2,987.12 1 1
github.com/d5/tengo/v2/compiler.go:995.30,996.63 1 1
github.com/d5/tengo/v2/compiler.go:996.63,998.3 1 1
github.com/d5/tengo/v2/compiler.go:1000.2,1001.12 2 1
github.com/d5/tengo/v2/compiler.go:1001.12,1003.3 1 1
github.com/d5/tengo/v2/compiler.go:1005.2,1008.16 4 1
github.com/d5/tengo/v2/compiler.go:1008.16,1010.3 1 0
github.com/d5/tengo/v2/compiler.go:1013.2,1014.53 2 1
github.com/d5/tengo/v2/compiler.go:1014.53,1016.3 1 1
github.com/d5/tengo/v2/compiler.go:1019.2,1023.53 3 1
github.com/d5/tengo/v2/compiler.go:1023.53,1025.3 1 1
github.com/d5/tengo/v2/compiler.go:1028.2,1032.26 5 1
github.com/d5/tengo/v2/compiler.go:1037.36,1038.21 1 1
github.com/d5/tengo/v2/compiler.go:1038.21,1040.3 1 1
github.com/d5/tengo/v2/compiler.go:1041.2,1042.8 2 1
github.com/d5/tengo/v2/compiler.go:1048.3,1049.21 1 1
github.com/d5/tengo/v2/compiler.go:1049.21,1051.3 1 1
github.com/d5/tengo/v2/compiler.go:1052.2,1052.40 1 1
github.com/d5/tengo/v2/compiler.go:1055.38,1059.20 4 1
github.com/d5/tengo/v2/compiler.go:1059.20,1061.3 1 1
github.com/d5/tengo/v2/compiler.go:1062.2,1062.13 1 1
github.com/d5/tengo/v2/compiler.go:1065.32,1066.20 1 1
github.com/d5/tengo/v2/compiler.go:1066.20,1068.3 1 1
github.com/d5/tengo/v2/compiler.go:1069.2,1070.15 2 1
github.com/d5/tengo/v2/compiler.go:1073.40,1074.22 1 1
github.com/d5/tengo/v2/compiler.go:1074.22,1076.3 1 1
github.com/d5/tengo/v2/compiler.go:1077.2,1077.12 1 1
github.com/d5/tengo/v2/compiler.go:1080.49,1082.2 1 1
github.com/d5/tengo/v2/compiler.go:1084.58,1086.2 1 1
github.com/d5/tengo/v2/compiler.go:1088.33,1096.20 5 1
github.com/d5/tengo/v2/compiler.go:1096.20,1098.3 1 1
github.com/d5/tengo/v2/compiler.go:1104.3,1110.20 6 1
github.com/d5/tengo/v2/compiler.go:1110.20,1112.3 1 1
github.com/d5/tengo/v2/compiler.go:1113.2,1113.8 1 1
github.com/d5/tengo/v2/compiler.go:1121.13,1128.33 7 1
github.com/d5/tengo/v2/compiler.go:1128.33,1130.3 1 1
github.com/d5/tengo/v2/compiler.go:1131.2,1131.14 1 1
github.com/d5/tengo/v2/compiler.go:1134.61,1140.2 1 1
github.com/d5/tengo/v2/compiler.go:1146.9,1152.2 1 1
github.com/d5/tengo/v2/compiler.go:1154.46,1155.21 1 1
github.com/d5/tengo/v2/compiler.go:1155.21,1158.3 1 1
github.com/d5/tengo/v2/compiler.go:1159.2,1160.20 2 1
github.com/d5/tengo/v2/compiler.go:1160.20,1162.3 1 1
github.com/d5/tengo/v2/compiler.go:1163.2,1163.29 1 1
github.com/d5/tengo/v2/compiler.go:1166.49,1171.2 3 1
github.com/d5/tengo/v2/compiler.go:1173.61,1175.20 2 1
github.com/d5/tengo/v2/compiler.go:1175.20,1179.3 1 1
github.com/d5/tengo/v2/compiler.go:1182.61,1186.2 3 1
github.com/d5/tengo/v2/compiler.go:1191.51,1199.60 2 1
github.com/d5/tengo/v2/compiler.go:1199.60,1200.18 1 1
github.com/d5/tengo/v2/compiler.go:1202.39,1203.29 1 1
github.com/d5/tengo/v2/compiler.go:1205.4,1205.15 1 1
github.com/d5/tengo/v2/compiler.go:1209.2,1214.60 5 1
github.com/d5/tengo/v2/compiler.go:1214.60,1215.11 1 1
github.com/d5/tengo/v2/compiler.go:1216.19,1218.21 2 1
github.com/d5/tengo/v2/compiler.go:1219.35,1220.17 1 1
github.com/d5/tengo/v2/compiler.go:1220.17,1222.6 1 1
github.com/d5/tengo/v2/compiler.go:1223.5,1223.20 1 1
github.com/d5/tengo/v2/compiler.go:1224.18,1225.16 1 1
github.com/d5/tengo/v2/compiler.go:1227.4,1230.15 3 1
github.com/d5/tengo/v2/compiler.go:1234.2,1240.60 5 1
github.com/d5/tengo/v2/compiler.go:1240.60,1241.18 1 1
github.com/d5/tengo/v2/compiler.go:1243.21,1245.11 2 1
github.com/d5/tengo/v2/compiler.go:1245.11,1248.6 1 1
github.com/d5/tengo/v2/compiler.go:1248.11,1248.37 1 1
github.com/d5/tengo/v2/compiler.go:1248.37,1254.6 2 1
github.com/d5/tengo/v2/compiler.go:1254.11,1255.60 1 0
github.com/d5/tengo/v2/compiler.go:1258.4,1259.15 2 1
github.com/d5/tengo/v2/compiler.go:1261.2,1261.31 1 1
github.com/d5/tengo/v2/compiler.go:1261.31,1263.3 1 1
github.com/d5/tengo/v2/compiler.go:1266.2,1267.60 2 1
github.com/d5/tengo/v2/compiler.go:1267.60,1269.9 2 1
github.com/d5/tengo/v2/compiler.go:1269.9,1271.4 1 1
github.com/d5/tengo/v2/compiler.go:1273.2,1277.18 3 1
github.com/d5/tengo/v2/compiler.go:1277.18,1279.3 1 1
github.com/d5/tengo/v2/compiler.go:1286.7,1288.17 2 1
github.com/d5/tengo/v2/compiler.go:1288.17,1290.3 1 1
github.com/d5/tengo/v2/compiler.go:1292.2,1295.20 4 1
github.com/d5/tengo/v2/compiler.go:1295.20,1299.3 1 1
github.com/d5/tengo/v2/compiler.go:1300.2,1300.12 1 1
github.com/d5/tengo/v2/compiler.go:1303.49,1310.12 3 1
github.com/d5/tengo/v2/compiler.go:1310.12,1313.3 2 0
github.com/d5/tengo/v2/compiler.go:1314.2,1315.36 2 1
github.com/d5/tengo/v2/compiler.go:1318.82,1319.38 1 1
github.com/d5/tengo/v2/compiler.go:1319.38,1322.40 2 1
github.com/d5/tengo/v2/compiler.go:1322.40,1324.4 1 1
github.com/d5/tengo/v2/compiler.go:1326.3,1327.17 2 1
github.com/d5/tengo/v2/compiler.go:1327.17,1328.12 1 0
github.com/d5/tengo/v2/compiler.go:1332.3,1332.67 1 1
github.com/d5/tengo/v2/compiler.go:1332.67,1334.4 1 1
github.com/d5/tengo/v2/compiler.go:1337.2,1337.77 1 0
github.com/d5/tengo/v2/compiler.go:1342.42,1343.29 1 1
github.com/d5/tengo/v2/compiler.go:1344.28,1347.9 3 1
github.com/d5/tengo/v2/compiler.go:1348.25,1350.44 2 1
github.com/d5/tengo/v2/compiler.go:1351.21,1352.19 1 1
github.com/d5/tengo/v2/compiler.go:1354.2,1354.8 1 1
github.com/d5/tengo/v2/compiler.go:1360.3,1361.30 1 1
github.com/d5/tengo/v2/compiler.go:1361.30,1364.29 3 1
github.com/d5/tengo/v2/compiler.go:1364.29,1365.9 1 0
github.com/d5/tengo/v2/compiler.go:1367.3,1367.12 1 1
github.com/d5/tengo/v2/compiler.go:1371.48,1375.2 3 1
github.com/d5/tengo/v2/compiler.go:1377.28,1380.2 2 1
github.com/d5/tengo/v2/errors.go:76.48,79.2 1 1
github.com/d5/tengo/v2/errors.go:88.52,89.24 1 1
github.com/d5/tengo/v2/errors.go:89.24,92.3 1 1
github.com/d5/tengo/v2/errors.go:93.2,94.25 1 1
github.com/d5/tengo/v2/errors.go:103.50,104.18 1 1
github.com/d5/tengo/v2/errors.go:104.18,106.3 1 1
github.com/d5/tengo/v2/errors.go:107.2,107.61 1 1
github.com/d5/tengo/v2/errors.go:116.48,117.18 1 1
github.com/d5/tengo/v2/errors.go:117.18,119.3 1 1
github.com/d5/tengo/v2/errors.go:120.2,120.59 1 0
github.com/d5/tengo/v2/eval.go:17.24,19.16 2 1
github.com/d5/tengo/v2/eval.go:19.16,21.3 1 0
github.com/d5/tengo/v2/eval.go:23.2,24.29 2 1
github.com/d5/tengo/v2/eval.go:24.29,26.17 2 1
github.com/d5/tengo/v2/eval.go:26.17,28.4 1 0
github.com/d5/tengo/v2/eval.go:30.2,31.16 2 1
github.com/d5/tengo/v2/eval.go:31.16,33.3 1 0
github.com/d5/tengo/v2/eval.go:34.2,34.45 1 1
github.com/d5/tengo/v2/execution_context.go:20.64,26.2 1 1
github.com/d5/tengo/v2/execution_context.go:30.77,39.2 3 1
github.com/d5/tengo/v2/execution_context.go:43.69,49.31 4 1
github.com/d5/tengo/v2/execution_context.go:49.31,50.15 1 1
github.com/d5/tengo/v2/execution_context.go:50.15,52.4 1 1
github.com/d5/tengo/v2/execution_context.go:55.2,59.3 1 1
github.com/d5/tengo/v2/execution_context.go:64.88,67.2 2 1
github.com/d5/tengo/v2/execution_context.go:71.100,73.38 1 1
github.com/d5/tengo/v2/execution_context.go:73.38,75.3 1 0
github.com/d5/tengo/v2/execution_context.go:78.2,78.15 1 1
github.com/d5/tengo/v2/execution_context.go:78.15,84.3 1 1
github.com/d5/tengo/v2/execution_context.go:86.2,95.41 6 1
github.com/d5/tengo/v2/execution_context.go:95.41,99.3 3 1
github.com/d5/tengo/v2/execution_context.go:101.2,101.36 1 1
github.com/d5/tengo/v2/execution_context.go:105.50,109.2 3 1
github.com/d5/tengo/v2/execution_context.go:112.48,120.2 5 1
github.com/d5/tengo/v2/execution_context.go:123.48,125.2 1 1
github.com/d5/tengo/v2/execution_context.go:128.46,129.22 1 1
github.com/d5/tengo/v2/execution_context.go:129.22,131.3 1 1
github.com/d5/tengo/v2/execution_context.go:133.2,133.25 1 1
github.com/d5/tengo/v2/execution_context.go:133.25,139.3 1 1
github.com/d5/tengo/v2/execution_context.go:142.2,142.40 1 1
github.com/d5/tengo/v2/execution_context.go:142.40,143.22 1 1
github.com/d5/tengo/v2/execution_context.go:143.22,148.4 1 1
github.com/d5/tengo/v2/execution_context.go:154.2,154.23 1 1
github.com/d5/tengo/v2/execution_context.go:154.24,157.3 0 1
github.com/d5/tengo/v2/execution_context.go:159.2,159.12 1 1
github.com/d5/tengo/v2/formatter.go:70.34,72.2 1 1
github.com/d5/tengo/v2/formatter.go:74.39,77.2 2 1
github.com/d5/tengo/v2/formatter.go:80.41,81.12 1 0
github.com/d5/tengo/v2/formatter.go:81.12,83.3 1 0
github.com/d5/tengo/v2/formatter.go:84.2,88.27 4 0
github.com/d5/tengo/v2/formatter.go:88.27,89.24 1 0
github.com/d5/tengo/v2/formatter.go:93.2,93.23 1 0
github.com/d5/tengo/v2/formatter.go:93.23,96.3 2 0
github.com/d5/tengo/v2/formatter.go:98.2,99.12 2 0
github.com/d5/tengo/v2/formatter.go:99.12,101.3 1 0
github.com/d5/tengo/v2/formatter.go:103.2,104.25 2 0
github.com/d5/tengo/v2/formatter.go:104.25,106.3 1 0
github.com/d5/tengo/v2/formatter.go:107.2,107.23 1 0
github.com/d5/tengo/v2/formatter.go:111.35,112.33 1 1
github.com/d5/tengo/v2/formatter.go:112.33,115.3 2 1
github.com/d5/tengo/v2/formatter.go:116.2,117.14 2 0
github.com/d5/tengo/v2/formatter.go:117.14,121.3 2 0
github.com/d5/tengo/v2/formatter.go:121.8,125.3 2 0
github.com/d5/tengo/v2/formatter.go:129.41,130.33 1 1
github.com/d5/tengo/v2/formatter.go:130.33,133.3 2 1
github.com/d5/tengo/v2/formatter.go:134.2,135.14 2 0
github.com/d5/tengo/v2/formatter.go:135.14,139.3 2 0
github.com/d5/tengo/v2/formatter.go:139.8,143.3 2 0
github.com/d5/tengo/v2/formatter.go:147.40,148.7 1 0
github.com/d5/tengo/v2/formatter.go:148.7,150.3 1 0
github.com/d5/tengo/v2/formatter.go:150.8,152.3 1 0
github.com/d5/tengo/v2/formatter.go:156.42,163.33 3 0
github.com/d5/tengo/v2/formatter.go:163.33,167.23 3 0
github.com/d5/tengo/v2/formatter.go:167.23,169.4 1 0
github.com/d5/tengo/v2/formatter.go:174.2,178.62 2 0
github.com/d5/tengo/v2/formatter.go:178.62,187.3 8 0
github.com/d5/tengo/v2/formatter.go:189.2,189.14 1 0
github.com/d5/tengo/v2/formatter.go:189.14,194.3 4 0
github.com/d5/tengo/v2/formatter.go:195.2,199.15 4 0
github.com/d5/tengo/v2/formatter.go:199.15,203.3 3 0
github.com/d5/tengo/v2/formatter.go:205.2,213.18 8 0
github.com/d5/tengo/v2/formatter.go:223.3,225.14 2 1
github.com/d5/tengo/v2/formatter.go:225.14,227.3 1 0
github.com/d5/tengo/v2/formatter.go:229.2,232.35 2 1
github.com/d5/tengo/v2/formatter.go:232.35,235.23 2 0
github.com/d5/tengo/v2/formatter.go:235.23,238.4 1 0
github.com/d5/tengo/v2/formatter.go:244.2,245.19 2 1
github.com/d5/tengo/v2/formatter.go:245.19,248.26 2 0
github.com/d5/tengo/v2/formatter.go:248.26,254.4 5 0
github.com/d5/tengo/v2/formatter.go:255.8,255.35 1 1
github.com/d5/tengo/v2/formatter.go:255.35,257.36 2 0
github.com/d5/tengo/v2/formatter.go:257.36,259.4 1 0
github.com/d5/tengo/v2/formatter.go:266.2,269.14 2 1
github.com/d5/tengo/v2/formatter.go:270.10,271.15 1 1
github.com/d5/tengo/v2/formatter.go:271.15,276.4 4 1
github.com/d5/tengo/v2/formatter.go:277.10,278.15 1 0
github.com/d5/tengo/v2/formatter.go:278.15,282.4 3 0
github.com/d5/tengo/v2/formatter.go:283.9,284.14 1 0
github.com/d5/tengo/v2/formatter.go:284.14,288.4 3 0
github.com/d5/tengo/v2/formatter.go:289.9,290.14 1 0
github.com/d5/tengo/v2/formatter.go:290.14,294.4 3 0
github.com/d5/tengo/v2/formatter.go:295.10,296.43 1 0
github.com/d5/tengo/v2/formatter.go:298.2,300.33 3 1
github.com/d5/tengo/v2/formatter.go:300.33,303.3 2 0
github.com/d5/tengo/v2/formatter.go:306.2,306.13 1 1
github.com/d5/tengo/v2/formatter.go:306.13,307.15 1 0
github.com/d5/tengo/v2/formatter.go:308.10,313.16 4 0
github.com/d5/tengo/v2/formatter.go:314.10,315.21 1 0
github.com/d5/tengo/v2/formatter.go:315.21,318.5 2 0
github.com/d5/tengo/v2/formatter.go:319.11,324.16 4 0
github.com/d5/tengo/v2/formatter.go:327.2,327.17 1 1
github.com/d5/tengo/v2/formatter.go:327.17,332.3 4 0
github.com/d5/tengo/v2/formatter.go:334.2,334.14 1 1
github.com/d5/tengo/v2/formatter.go:334.14,337.3 2 0
github.com/d5/tengo/v2/formatter.go:337.8,337.19 1 1
github.com/d5/tengo/v2/formatter.go:337.19,340.3 2 0
github.com/d5/tengo/v2/formatter.go:340.8,340.20 1 1
github.com/d5/tengo/v2/formatter.go:340.20,343.3 2 0
github.com/d5/tengo/v2/formatter.go:347.2,350.18 4 1
github.com/d5/tengo/v2/formatter.go:354.53,355.19 1 1
github.com/d5/tengo/v2/formatter.go:355.19,357.20 2 0
github.com/d5/tengo/v2/formatter.go:357.20,359.13 2 0
github.com/d5/tengo/v2/formatter.go:359.13,361.5 1 0
github.com/d5/tengo/v2/formatter.go:364.2,364.10 1 1
github.com/d5/tengo/v2/formatter.go:369.47,370.19 1 0
github.com/d5/tengo/v2/formatter.go:370.19,372.27 2 0
github.com/d5/tengo/v2/formatter.go:372.27,374.13 2 0
github.com/d5/tengo/v2/formatter.go:374.13,376.5 1 0
github.com/d5/tengo/v2/formatter.go:377.4,378.29 2 0
github.com/d5/tengo/v2/formatter.go:378.29,380.5 1 0
github.com/d5/tengo/v2/formatter.go:381.4,381.12 1 0
github.com/d5/tengo/v2/formatter.go:384.2,384.10 1 0
github.com/d5/tengo/v2/formatter.go:388.36,391.2 2 1
github.com/d5/tengo/v2/formatter.go:394.37,397.2 2 0
github.com/d5/tengo/v2/formatter.go:400.63,402.14 2 0
github.com/d5/tengo/v2/formatter.go:402.14,405.3 1 0
github.com/d5/tengo/v2/formatter.go:407.2,407.38 1 0
github.com/d5/tengo/v2/formatter.go:407.38,409.3 1 0
github.com/d5/tengo/v2/formatter.go:412.2,413.15 2 0
github.com/d5/tengo/v2/formatter.go:413.15,414.14 1 0
github.com/d5/tengo/v2/formatter.go:414.14,417.15 1 0
github.com/d5/tengo/v2/formatter.go:417.15,419.5 1 0
github.com/d5/tengo/v2/formatter.go:421.4,421.23 1 0
github.com/d5/tengo/v2/formatter.go:422.9,422.21 1 0
github.com/d5/tengo/v2/formatter.go:422.21,425.4 1 0
github.com/d5/tengo/v2/formatter.go:426.8,427.19 1 0
github.com/d5/tengo/v2/formatter.go:427.19,429.4 1 0
github.com/d5/tengo/v2/formatter.go:430.3,430.9 1 0
github.com/d5/tengo/v2/formatter.go:433.2,433.47 1 0
github.com/d5/tengo/v2/formatter.go:433.47,435.3 1 0
github.com/d5/tengo/v2/formatter.go:437.2,438.13 2 0
github.com/d5/tengo/v2/formatter.go:438.13,441.3 1 0
github.com/d5/tengo/v2/formatter.go:442.2,443.30 2 0
github.com/d5/tengo/v2/formatter.go:443.30,444.23 1 0
github.com/d5/tengo/v2/formatter.go:444.23,447.15 2 0
github.com/d5/tengo/v2/formatter.go:447.15,450.5 1 0
github.com/d5/tengo/v2/formatter.go:452.3,452.15 1 0
github.com/d5/tengo/v2/formatter.go:452.15,454.4 1 0
github.com/d5/tengo/v2/formatter.go:454.9,456.4 1 0
github.com/d5/tengo/v2/formatter.go:458.3,458.49 1 0
github.com/d5/tengo/v2/formatter.go:460.2,462.46 2 0
github.com/d5/tengo/v2/formatter.go:462.46,464.3 1 0
github.com/d5/tengo/v2/formatter.go:468.45,470.2 1 0
github.com/d5/tengo/v2/formatter.go:473.52,475.2 1 0
github.com/d5/tengo/v2/formatter.go:480.36,482.40 2 0
github.com/d5/tengo/v2/formatter.go:482.40,485.3 2 0
github.com/d5/tengo/v2/formatter.go:486.2,487.12 2 0
github.com/d5/tengo/v2/formatter.go:487.12,489.3 1 0
github.com/d5/tengo/v2/formatter.go:489.8,491.3 1 0
github.com/d5/tengo/v2/formatter.go:496.36,498.22 2 0
github.com/d5/tengo/v2/formatter.go:498.22,500.3 1 0
github.com/d5/tengo/v2/formatter.go:501.2,503.16 3 0
github.com/d5/tengo/v2/formatter.go:508.37,510.22 2 0
github.com/d5/tengo/v2/formatter.go:510.22,512.3 1 0
github.com/d5/tengo/v2/formatter.go:513.2,514.12 2 0
github.com/d5/tengo/v2/formatter.go:514.12,516.3 1 0
github.com/d5/tengo/v2/formatter.go:516.8,518.3 1 0
github.com/d5/tengo/v2/formatter.go:523.72,525.19 1 0
github.com/d5/tengo/v2/formatter.go:525.19,527.3 1 0
github.com/d5/tengo/v2/formatter.go:529.2,530.36 2 0
github.com/d5/tengo/v2/formatter.go:530.36,532.3 1 0
github.com/d5/tengo/v2/formatter.go:532.8,534.3 1 0
github.com/d5/tengo/v2/formatter.go:537.2,537.41 1 0
github.com/d5/tengo/v2/formatter.go:537.41,539.3 1 0
github.com/d5/tengo/v2/formatter.go:542.2,542.36 1 0
github.com/d5/tengo/v2/formatter.go:542.36,546.43 3 0
github.com/d5/tengo/v2/formatter.go:546.43,548.4 1 0
github.com/d5/tengo/v2/formatter.go:549.3,551.9 3 0
github.com/d5/tengo/v2/formatter.go:555.2,555.28 1 0
github.com/d5/tengo/v2/formatter.go:555.28,557.15 2 0
github.com/d5/tengo/v2/formatter.go:558.27,561.20 2 0
github.com/d5/tengo/v2/formatter.go:561.20,563.5 1 0
github.com/d5/tengo/v2/formatter.go:568.3,573.33 4 0
github.com/d5/tengo/v2/formatter.go:573.33,574.18 1 0
github.com/d5/tengo/v2/formatter.go:575.13,576.27 1 0
github.com/d5/tengo/v2/formatter.go:577.18,579.18 2 0
github.com/d5/tengo/v2/formatter.go:580.18,581.35 1 0
github.com/d5/tengo/v2/formatter.go:581.35,584.11 3 0
github.com/d5/tengo/v2/formatter.go:586.5,586.16 1 0
github.com/d5/tengo/v2/formatter.go:587.12,588.13 1 0
github.com/d5/tengo/v2/formatter.go:591.3,591.23 1 0
github.com/d5/tengo/v2/formatter.go:591.23,593.4 1 0
github.com/d5/tengo/v2/formatter.go:594.3,594.18 1 0
github.com/d5/tengo/v2/formatter.go:594.18,597.4 2 0
github.com/d5/tengo/v2/formatter.go:598.3,598.29 1 0
github.com/d5/tengo/v2/formatter.go:601.2,601.29 1 0
github.com/d5/tengo/v2/formatter.go:601.29,605.49 1 0
github.com/d5/tengo/v2/formatter.go:605.49,610.4 4 0
github.com/d5/tengo/v2/formatter.go:611.3,612.9 2 0
github.com/d5/tengo/v2/formatter.go:616.2,616.16 1 0
github.com/d5/tengo/v2/formatter.go:622.34,623.35 1 1
github.com/d5/tengo/v2/formatter.go:623.35,624.24 1 0
github.com/d5/tengo/v2/formatter.go:627.2,627.23 1 1
github.com/d5/tengo/v2/formatter.go:630.40,631.35 1 1
github.com/d5/tengo/v2/formatter.go:631.35,632.24 1 0
github.com/d5/tengo/v2/formatter.go:635.2,635.23 1 1
github.com/d5/tengo/v2/formatter.go:638.42,639.29 1 0
github.com/d5/tengo/v2/formatter.go:639.29,640.24 1 0
github.com/d5/tengo/v2/formatter.go:643.2,643.20 1 0
github.com/d5/tengo/v2/formatter.go:646.36,647.44 1 0
github.com/d5/tengo/v2/formatter.go:647.44,648.24 1 0
github.com/d5/tengo/v2/formatter.go:651.2,651.23 1 0
github.com/d5/tengo/v2/formatter.go:651.23,654.3 2 0
github.com/d5/tengo/v2/formatter.go:656.2,658.30 3 0
github.com/d5/tengo/v2/formatter.go:658.30,660.3 1 0
github.com/d5/tengo/v2/formatter.go:661.2,662.15 2 0
github.com/d5/tengo/v2/formatter.go:689.26,689.44 1 1
github.com/d5/tengo/v2/formatter.go:693.23,698.2 4 1
github.com/d5/tengo/v2/formatter.go:701.21,708.25 1 1
github.com/d5/tengo/v2/formatter.go:708.25,710.3 1 0
github.com/d5/tengo/v2/formatter.go:712.2,714.15 3 1
github.com/d5/tengo/v2/formatter.go:717.41,719.2 1 0
github.com/d5/tengo/v2/formatter.go:721.46,723.2 1 0
github.com/d5/tengo/v2/formatter.go:725.31,726.11 1 0
github.com/d5/tengo/v2/formatter.go:727.11,728.21 1 0
github.com/d5/tengo/v2/formatter.go:729.11,730.35 1 0
github.com/d5/tengo/v2/formatter.go:731.11,732.37 1 0
github.com/d5/tengo/v2/formatter.go:733.11,734.21 1 0
github.com/d5/tengo/v2/formatter.go:735.11,736.20 1 0
github.com/d5/tengo/v2/formatter.go:738.2,738.14 1 0
github.com/d5/tengo/v2/formatter.go:743.51,746.2 2 0
github.com/d5/tengo/v2/formatter.go:750.57,753.2 2 1
github.com/d5/tengo/v2/formatter.go:755.53,758.2 2 0
github.com/d5/tengo/v2/formatter.go:760.59,763.2 2 0
github.com/d5/tengo/v2/formatter.go:767.27,770.2 2 0
github.com/d5/tengo/v2/formatter.go:774.73,775.18 1 0
github.com/d5/tengo/v2/formatter.go:775.18,777.3 1 0
github.com/d5/tengo/v2/formatter.go:778.2,778.75 1 0
github.com/d5/tengo/v2/formatter.go:778.75,779.20 1 0
github.com/d5/tengo/v2/formatter.go:779.20,781.4 1 0
github.com/d5/tengo/v2/formatter.go:782.3,783.15 2 0
github.com/d5/tengo/v2/formatter.go:785.2,785.8 1 0
github.com/d5/tengo/v2/formatter.go:788.33,793.9 5 0
github.com/d5/tengo/v2/formatter.go:794.20,797.25 3 0
github.com/d5/tengo/v2/formatter.go:798.10,799.48 1 0
github.com/d5/tengo/v2/formatter.go:801.2,802.20 2 0
github.com/d5/tengo/v2/formatter.go:805.41,806.14 1 0
github.com/d5/tengo/v2/formatter.go:807.16,808.22 1 0
github.com/d5/tengo/v2/formatter.go:809.10,810.18 1 0
github.com/d5/tengo/v2/formatter.go:816.48,821.2 4 0
github.com/d5/tengo/v2/formatter.go:824.61,825.14 1 1
github.com/d5/tengo/v2/formatter.go:826.11,827.32 1 0
github.com/d5/tengo/v2/formatter.go:827.32,829.4 1 0
github.com/d5/tengo/v2/formatter.go:829.9,831.4 1 0
github.com/d5/tengo/v2/formatter.go:832.11,833.51 1 1
github.com/d5/tengo/v2/formatter.go:834.11,835.50 1 0
github.com/d5/tengo/v2/formatter.go:836.16,837.50 1 0
github.com/d5/tengo/v2/formatter.go:838.11,839.51 1 0
github.com/d5/tengo/v2/formatter.go:840.11,841.51 1 0
github.com/d5/tengo/v2/formatter.go:842.11,843.16 1 0
github.com/d5/tengo/v2/formatter.go:844.11,845.24 1 0
github.com/d5/tengo/v2/formatter.go:845.24,847.4 1 0
github.com/d5/tengo/v2/formatter.go:847.9,849.4 1 0
github.com/d5/tengo/v2/formatter.go:850.11,851.22 1 0
github.com/d5/tengo/v2/formatter.go:852.10,853.18 1 0
github.com/d5/tengo/v2/formatter.go:859.55,860.14 1 0
github.com/d5/tengo/v2/formatter.go:861.11,862.35 1 0
github.com/d5/tengo/v2/formatter.go:863.31,864.36 1 0
github.com/d5/tengo/v2/formatter.go:865.21,866.35 1 0
github.com/d5/tengo/v2/formatter.go:867.11,868.34 1 0
github.com/d5/tengo/v2/formatter.go:869.10,870.18 1 0
github.com/d5/tengo/v2/formatter.go:874.45,875.14 1 1
github.com/d5/tengo/v2/formatter.go:876.11,877.19 1 0
github.com/d5/tengo/v2/formatter.go:877.19,879.4 1 0
github.com/d5/tengo/v2/formatter.go:879.9,881.4 1 0
github.com/d5/tengo/v2/formatter.go:882.11,883.16 1 1
github.com/d5/tengo/v2/formatter.go:884.11,885.26 1 0
github.com/d5/tengo/v2/formatter.go:886.11,887.26 1 0
github.com/d5/tengo/v2/formatter.go:888.11,889.16 1 0
github.com/d5/tengo/v2/formatter.go:890.10,891.18 1 0
github.com/d5/tengo/v2/formatter.go:895.63,896.14 1 0
github.com/d5/tengo/v2/formatter.go:897.16,898.19 1 0
github.com/d5/tengo/v2/formatter.go:898.19,900.16 2 0
github.com/d5/tengo/v2/formatter.go:900.16,903.5 2 0
github.com/d5/tengo/v2/formatter.go:904.4,905.24 2 0
github.com/d5/tengo/v2/formatter.go:905.24,906.14 1 0
github.com/d5/tengo/v2/formatter.go:906.14,908.6 1 0
github.com/d5/tengo/v2/formatter.go:909.5,909.31 1 0
github.com/d5/tengo/v2/formatter.go:911.4,911.33 1 0
github.com/d5/tengo/v2/formatter.go:912.9,914.24 2 0
github.com/d5/tengo/v2/formatter.go:914.24,915.14 1 0
github.com/d5/tengo/v2/formatter.go:915.14,917.6 1 0
github.com/d5/tengo/v2/formatter.go:918.5,918.61 1 0
github.com/d5/tengo/v2/formatter.go:920.4,920.33 1 0
github.com/d5/tengo/v2/formatter.go:922.11,923.17 1 0
github.com/d5/tengo/v2/formatter.go:924.11,925.26 1 0
github.com/d5/tengo/v2/formatter.go:926.11,927.26 1 0
github.com/d5/tengo/v2/formatter.go:928.11,929.24 1 0
github.com/d5/tengo/v2/formatter.go:933.46,936.16 2 1
github.com/d5/tengo/v2/formatter.go:936.16,938.3 1 0
github.com/d5/tengo/v2/formatter.go:943.2,943.14 1 1
github.com/d5/tengo/v2/formatter.go:944.11,946.9 2 0
github.com/d5/tengo/v2/formatter.go:947.11,949.9 2 1
github.com/d5/tengo/v2/formatter.go:953.2,953.25 1 1
github.com/d5/tengo/v2/formatter.go:954.13,955.32 1 0
github.com/d5/tengo/v2/formatter.go:956.14,957.32 1 0
github.com/d5/tengo/v2/formatter.go:958.12,959.46 1 1
github.com/d5/tengo/v2/formatter.go:960.15,961.29 1 1
github.com/d5/tengo/v2/formatter.go:962.14,963.38 1 0
github.com/d5/tengo/v2/formatter.go:964.10,965.32 1 0
github.com/d5/tengo/v2/formatter.go:971.78,973.21 2 0
github.com/d5/tengo/v2/formatter.go:973.21,978.20 5 0
github.com/d5/tengo/v2/formatter.go:978.20,981.4 2 0
github.com/d5/tengo/v2/formatter.go:983.2,983.8 1 0
github.com/d5/tengo/v2/formatter.go:992.66,994.21 1 0
github.com/d5/tengo/v2/formatter.go:994.21,996.3 1 0
github.com/d5/tengo/v2/formatter.go:999.2,999.35 1 0
github.com/d5/tengo/v2/formatter.go:999.35,1000.23 1 0
github.com/d5/tengo/v2/formatter.go:1000.23,1002.24 2 0
github.com/d5/tengo/v2/formatter.go:1002.24,1004.5 1 0
github.com/d5/tengo/v2/formatter.go:1006.4,1006.33 1 0
github.com/d5/tengo/v2/formatter.go:1009.2,1009.20 1 0
github.com/d5/tengo/v2/formatter.go:1021.37,1022.42 1 0
github.com/d5/tengo/v2/formatter.go:1022.42,1024.3 1 0
github.com/d5/tengo/v2/formatter.go:1025.2,1027.41 3 0
github.com/d5/tengo/v2/formatter.go:1027.41,1029.3 1 0
github.com/d5/tengo/v2/formatter.go:1030.2,1031.28 2 0
github.com/d5/tengo/v2/formatter.go:1034.35,1038.2 3 0
github.com/d5/tengo/v2/formatter.go:1040.36,1044.2 3 0
github.com/d5/tengo/v2/formatter.go:1046.62,1047.15 1 1
github.com/d5/tengo/v2/formatter.go:1047.15,1048.31 1 1
github.com/d5/tengo/v2/formatter.go:1048.31,1049.53 1 0
github.com/d5/tengo/v2/formatter.go:1049.53,1052.5 2 0
github.com/d5/tengo/v2/formatter.go:1053.4,1053.12 1 0
github.com/d5/tengo/v2/formatter.go:1057.2,1062.23 5 1
github.com/d5/tengo/v2/formatter.go:1062.23,1065.35 3 1
github.com/d5/tengo/v2/formatter.go:1065.35,1067.4 1 1
github.com/d5/tengo/v2/formatter.go:1068.3,1068.16 1 1
github.com/d5/tengo/v2/formatter.go:1068.16,1070.4 1 1
github.com/d5/tengo/v2/formatter.go:1071.3,1071.15 1 1
github.com/d5/tengo/v2/formatter.go:1071.15,1073.9 1 0
github.com/d5/tengo/v2/formatter.go:1077.3,1082.22 3 1
github.com/d5/tengo/v2/formatter.go:1082.22,1084.13 2 1
github.com/d5/tengo/v2/formatter.go:1085.13,1086.23 1 0
github.com/d5/tengo/v2/formatter.go:1087.13,1089.30 1 0
github.com/d5/tengo/v2/formatter.go:1090.13,1091.22 1 0
github.com/d5/tengo/v2/formatter.go:1092.13,1094.23 2 0
github.com/d5/tengo/v2/formatter.go:1095.13,1096.23 1 0
github.com/d5/tengo/v2/formatter.go:1097.12,1100.48 1 1
github.com/d5/tengo/v2/formatter.go:1100.48,1101.18 1 1
github.com/d5/tengo/v2/formatter.go:1101.18,1108.7 4 1
github.com/d5/tengo/v2/formatter.go:1109.6,1112.25 4 1
github.com/d5/tengo/v2/formatter.go:1116.5,1116.23 1 0
github.com/d5/tengo/v2/formatter.go:1121.3,1124.34 2 0
github.com/d5/tengo/v2/formatter.go:1124.34,1128.25 3 0
github.com/d5/tengo/v2/formatter.go:1128.25,1130.5 1 0
github.com/d5/tengo/v2/formatter.go:1134.4,1134.21 1 0
github.com/d5/tengo/v2/formatter.go:1134.21,1138.5 3 0
github.com/d5/tengo/v2/formatter.go:1139.4,1139.22 1 0
github.com/d5/tengo/v2/formatter.go:1140.9,1142.38 2 0
github.com/d5/tengo/v2/formatter.go:1142.38,1144.5 1 0
github.com/d5/tengo/v2/formatter.go:1148.3,1148.36 1 0
github.com/d5/tengo/v2/formatter.go:1148.36,1150.18 2 0
github.com/d5/tengo/v2/formatter.go:1150.18,1152.5 1 0
github.com/d5/tengo/v2/formatter.go:1153.4,1154.35 2 0
github.com/d5/tengo/v2/formatter.go:1154.35,1158.23 3 0
github.com/d5/tengo/v2/formatter.go:1158.23,1161.6 2 0
github.com/d5/tengo/v2/formatter.go:1162.5,1162.27 1 0
github.com/d5/tengo/v2/formatter.go:1162.27,1164.6 1 0
github.com/d5/tengo/v2/formatter.go:1165.5,1165.23 1 0
github.com/d5/tengo/v2/formatter.go:1166.10,1168.27 2 0
github.com/d5/tengo/v2/formatter.go:1168.27,1171.6 2 0
github.com/d5/tengo/v2/formatter.go:1175.3,1175.18 1 0
github.com/d5/tengo/v2/formatter.go:1175.18,1177.4 1 0
github.com/d5/tengo/v2/formatter.go:1179.3,1179.15 1 0
github.com/d5/tengo/v2/formatter.go:1179.15,1181.9 2 0
github.com/d5/tengo/v2/formatter.go:1184.3,1185.28 2 0
github.com/d5/tengo/v2/formatter.go:1185.28,1187.4 1 0
github.com/d5/tengo/v2/formatter.go:1188.3,1190.10 2 0
github.com/d5/tengo/v2/formatter.go:1191.20,1193.33 1 0
github.com/d5/tengo/v2/formatter.go:1194.22,1195.21 1 0
github.com/d5/tengo/v2/formatter.go:1196.25,1198.22 1 0
github.com/d5/tengo/v2/formatter.go:1199.20,1206.15 5 0
github.com/d5/tengo/v2/formatter.go:1207.11,1209.12 2 0
github.com/d5/tengo/v2/formatter.go:1216.2,1216.37 1 1
github.com/d5/tengo/v2/formatter.go:1216.37,1219.34 3 0
github.com/d5/tengo/v2/formatter.go:1219.34,1220.13 1 0
github.com/d5/tengo/v2/formatter.go:1220.13,1222.5 1 0
github.com/d5/tengo/v2/formatter.go:1223.4,1223.18 1 0
github.com/d5/tengo/v2/formatter.go:1223.18,1225.5 1 0
github.com/d5/tengo/v2/formatter.go:1225.10,1229.5 3 0
github.com/d5/tengo/v2/formatter.go:1231.3,1231.32 1 0
github.com/d5/tengo/v2/formatter.go:1234.2,1234.12 1 1
github.com/d5/tengo/v2/formatter.go:1238.57,1245.2 5 1
github.com/d5/tengo/v2/instructions.go:10.68,14.32 3 1
github.com/d5/tengo/v2/instructions.go:14.32,16.3 1 1
github.com/d5/tengo/v2/instructions.go:18.2,22.29 4 1
github.com/d5/tengo/v2/instructions.go:22.29,24.16 2 1
github.com/d5/tengo/v2/instructions.go:25.10,26.33 1 1
github.com/d5/tengo/v2/instructions.go:27.10,30.35 3 1
github.com/d5/tengo/v2/instructions.go:31.10,36.35 5 1
github.com/d5/tengo/v2/instructions.go:38.3,38.18 1 1
github.com/d5/tengo/v2/instructions.go:40.2,40.20 1 1
github.com/d5/tengo/v2/instructions.go:44.59,48.17 3 1
github.com/d5/tengo/v2/instructions.go:48.17,52.27 3 1
github.com/d5/tengo/v2/instructions.go:53.10,55.44 1 1
github.com/d5/tengo/v2/instructions.go:56.10,58.57 1 1
github.com/d5/tengo/v2/instructions.go:59.10,62.31 1 1
github.com/d5/tengo/v2/instructions.go:64.3,64.16 1 1
github.com/d5/tengo/v2/instructions.go:66.2,66.12 1 1
github.com/d5/tengo/v2/iterator.go:26.43,28.2 1 1
github.com/d5/tengo/v2/iterator.go:30.41,32.2 1 1
github.com/d5/tengo/v2/iterator.go:35.40,37.2 1 1
github.com/d5/tengo/v2/iterator.go:41.45,43.2 1 0
github.com/d5/tengo/v2/iterator.go:46.39,48.2 1 0
github.com/d5/tengo/v2/iterator.go:51.37,54.2 2 1
github.com/d5/tengo/v2/iterator.go:57.38,59.2 1 1
github.com/d5/tengo/v2/iterator.go:62.40,64.2 1 1
github.com/d5/tengo/v2/iterator.go:75.43,77.2 1 0
github.com/d5/tengo/v2/iterator.go:79.41,81.2 1 0
github.com/d5/tengo/v2/iterator.go:85.45,87.2 1 0
github.com/d5/tengo/v2/iterator.go:90.39,92.2 1 0
github.com/d5/tengo/v2/iterator.go:95.37,98.2 2 0
github.com/d5/tengo/v2/iterator.go:101.38,103.2 1 0
github.com/d5/tengo/v2/iterator.go:106.40,108.2 1 0
github.com/d5/tengo/v2/iterator.go:120.41,122.2 1 1
github.com/d5/tengo/v2/iterator.go:124.39,126.2 1 1
github.com/d5/tengo/v2/iterator.go:129.38,131.2 1 1
github.com/d5/tengo/v2/iterator.go:135.43,137.2 1 0
github.com/d5/tengo/v2/iterator.go:140.37,142.2 1 0
github.com/d5/tengo/v2/iterator.go:145.35,148.2 2 1
github.com/d5/tengo/v2/iterator.go:151.36,154.2 2 1
github.com/d5/tengo/v2/iterator.go:157.38,160.2 2 1
github.com/d5/tengo/v2/iterator.go:171.44,173.2 1 1
github.com/d5/tengo/v2/iterator.go:175.42,177.2 1 1
github.com/d5/tengo/v2/iterator.go:180.41,182.2 1 1
github.com/d5/tengo/v2/iterator.go:186.46,188.2 1 0
github.com/d5/tengo/v2/iterator.go:191.40,193.2 1 0
github.com/d5/tengo/v2/iterator.go:196.38,199.2 2 1
github.com/d5/tengo/v2/iterator.go:202.39,204.2 1 1
github.com/d5/tengo/v2/iterator.go:207.41,209.2 1 1
github.com/d5/tengo/v2/modules.go:21.32,25.2 1 1
github.com/d5/tengo/v2/modules.go:28.57,30.2 1 1
github.com/d5/tengo/v2/modules.go:33.76,35.2 1 1
github.com/d5/tengo/v2/modules.go:38.62,40.2 1 1
github.com/d5/tengo/v2/modules.go:43.41,45.2 1 0
github.com/d5/tengo/v2/modules.go:49.49,51.2 1 1
github.com/d5/tengo/v2/modules.go:55.66,58.2 2 1
github.com/d5/tengo/v2/modules.go:62.64,65.2 2 0
github.com/d5/tengo/v2/modules.go:68.39,72.29 2 1
github.com/d5/tengo/v2/modules.go:72.29,74.3 1 1
github.com/d5/tengo/v2/modules.go:75.2,75.10 1 1
github.com/d5/tengo/v2/modules.go:79.31,81.2 1 0
github.com/d5/tengo/v2/modules.go:84.42,85.29 1 1
github.com/d5/tengo/v2/modules.go:85.29,87.3 1 1
github.com/d5/tengo/v2/modules.go:96.62,98.2 1 1
github.com/d5/tengo/v2/objects.go:90.40,91.26 1 0
github.com/d5/tengo/v2/objects.go:94.38,95.26 1 0
github.com/d5/tengo/v2/objects.go:100.72,102.2 1 1
github.com/d5/tengo/v2/objects.go:105.36,107.2 1 0
github.com/d5/tengo/v2/objects.go:110.37,112.2 1 1
github.com/d5/tengo/v2/objects.go:116.44,118.2 1 0
github.com/d5/tengo/v2/objects.go:121.65,123.2 1 0
github.com/d5/tengo/v2/objects.go:126.56,128.2 1 1
github.com/d5/tengo/v2/objects.go:131.41,133.2 1 0
github.com/d5/tengo/v2/objects.go:136.40,138.2 1 0
github.com/d5/tengo/v2/objects.go:142.64,144.2 1 0
github.com/d5/tengo/v2/objects.go:147.37,149.2 1 1
github.com/d5/tengo/v2/objects.go:158.35,160.2 1 1
github.com/d5/tengo/v2/objects.go:162.33,164.28 2 1
github.com/d5/tengo/v2/objects.go:164.28,166.3 1 1
github.com/d5/tengo/v2/objects.go:167.2,167.58 1 1
github.com/d5/tengo/v2/objects.go:172.70,173.33 1 1
github.com/d5/tengo/v2/objects.go:173.33,174.13 1 1
github.com/d5/tengo/v2/objects.go:175.18,176.27 1 1
github.com/d5/tengo/v2/objects.go:176.27,178.5 1 1
github.com/d5/tengo/v2/objects.go:179.4,179.60 1 1
github.com/d5/tengo/v2/objects.go:182.2,182.32 1 0
github.com/d5/tengo/v2/objects.go:186.31,188.31 2 0
github.com/d5/tengo/v2/objects.go:188.31,190.3 1 0
github.com/d5/tengo/v2/objects.go:191.2,191.25 1 0
github.com/d5/tengo/v2/objects.go:195.32,197.2 1 1
github.com/d5/tengo/v2/objects.go:201.39,203.23 2 1
github.com/d5/tengo/v2/objects.go:204.14,205.17 1 1
github.com/d5/tengo/v2/objects.go:206.23,207.17 1 1
github.com/d5/tengo/v2/objects.go:208.10,209.15 1 0
github.com/d5/tengo/v2/objects.go:211.2,211.31 1 1
github.com/d5/tengo/v2/objects.go:211.31,213.3 1 1
github.com/d5/tengo/v2/objects.go:214.2,214.28 1 1
github.com/d5/tengo/v2/objects.go:214.28,215.25 1 1
github.com/d5/tengo/v2/objects.go:215.25,217.4 1 1
github.com/d5/tengo/v2/objects.go:219.2,219.13 1 1
github.com/d5/tengo/v2/objects.go:223.64,225.9 2 1
github.com/d5/tengo/v2/objects.go:225.9,228.3 2 0
github.com/d5/tengo/v2/objects.go:229.2,230.42 2 1
github.com/d5/tengo/v2/objects.go:230.42,233.3 2 1
github.com/d5/tengo/v2/objects.go:234.2,235.8 2 1
github.com/d5/tengo/v2/objects.go:239.59,241.9 2 1
github.com/d5/tengo/v2/objects.go:241.9,244.3 2 1
github.com/d5/tengo/v2/objects.go:245.2,245.42 1 1
github.com/d5/tengo/v2/objects.go:245.42,248.3 2 1
github.com/d5/tengo/v2/objects.go:249.2,250.12 2 1
github.com/d5/tengo/v2/objects.go:254.36,259.2 1 1
github.com/d5/tengo/v2/objects.go:262.35,264.2 1 1
github.com/d5/tengo/v2/objects.go:275.32,276.13 1 1
github.com/d5/tengo/v2/objects.go:276.13,278.3 1 1
github.com/d5/tengo/v2/objects.go:280.2,280.16 1 1
github.com/d5/tengo/v2/objects.go:284.34,286.2 1 1
github.com/d5/tengo/v2/objects.go:289.30,291.2 1 0
github.com/d5/tengo/v2/objects.go:294.31,296.2 1 1
github.com/d5/tengo/v2/objects.go:300.38,302.2 1 1
github.com/d5/tengo/v2/objects.go:305.48,308.2 2 1
github.com/d5/tengo/v2/objects.go:311.50,312.13 1 1
github.com/d5/tengo/v2/objects.go:312.13,314.3 1 1
github.com/d5/tengo/v2/objects.go:314.8,316.3 1 1
github.com/d5/tengo/v2/objects.go:317.2,317.8 1 1
github.com/d5/tengo/v2/objects.go:328.45,330.2 1 1
github.com/d5/tengo/v2/objects.go:332.43,334.2 1 0
github.com/d5/tengo/v2/objects.go:337.41,339.2 1 0
github.com/d5/tengo/v2/objects.go:343.49,345.2 1 0
github.com/d5/tengo/v2/objects.go:348.64,350.2 1 1
github.com/d5/tengo/v2/objects.go:353.42,355.2 1 1
github.com/d5/tengo/v2/objects.go:363.72,365.2 1 1
github.com/d5/tengo/v2/objects.go:368.73,370.28 2 1
github.com/d5/tengo/v2/objects.go:370.28,372.3 1 1
github.com/d5/tengo/v2/objects.go:373.2,374.36 2 1
github.com/d5/tengo/v2/objects.go:383.33,385.2 1 1
github.com/d5/tengo/v2/objects.go:388.35,390.2 1 1
github.com/d5/tengo/v2/objects.go:394.70,395.12 1 1
github.com/d5/tengo/v2/objects.go:396.17,397.28 1 1
github.com/d5/tengo/v2/objects.go:398.15,399.49 1 1
github.com/d5/tengo/v2/objects.go:399.49,401.5 1 0
github.com/d5/tengo/v2/objects.go:402.4,402.60 1 1
github.com/d5/tengo/v2/objects.go:405.2,405.32 1 0
github.com/d5/tengo/v2/objects.go:409.31,411.2 1 0
github.com/d5/tengo/v2/objects.go:414.32,416.2 1 1
github.com/d5/tengo/v2/objects.go:420.39,422.9 2 0
github.com/d5/tengo/v2/objects.go:422.9,424.3 1 0
github.com/d5/tengo/v2/objects.go:425.2,425.38 1 0
github.com/d5/tengo/v2/objects.go:429.64,431.9 2 1
github.com/d5/tengo/v2/objects.go:431.9,434.3 2 0
github.com/d5/tengo/v2/objects.go:435.2,436.42 2 1
github.com/d5/tengo/v2/objects.go:436.42,439.3 2 1
github.com/d5/tengo/v2/objects.go:440.2,441.8 2 1
github.com/d5/tengo/v2/objects.go:445.36,450.2 1 0
github.com/d5/tengo/v2/objects.go:453.35,455.2 1 0
github.com/d5/tengo/v2/objects.go:463.32,465.2 1 1
github.com/d5/tengo/v2/objects.go:468.34,470.2 1 1
github.com/d5/tengo/v2/objects.go:474.69,475.27 1 1
github.com/d5/tengo/v2/objects.go:476.13,477.13 1 1
github.com/d5/tengo/v2/objects.go:478.18,480.20 2 1
github.com/d5/tengo/v2/objects.go:480.20,482.5 1 0
github.com/d5/tengo/v2/objects.go:483.4,483.31 1 1
github.com/d5/tengo/v2/objects.go:484.18,486.20 2 0
github.com/d5/tengo/v2/objects.go:486.20,488.5 1 0
github.com/d5/tengo/v2/objects.go:489.4,489.31 1 0
github.com/d5/tengo/v2/objects.go:490.19,491.27 1 1
github.com/d5/tengo/v2/objects.go:491.27,493.5 1 1
github.com/d5/tengo/v2/objects.go:494.4,494.26 1 1
github.com/d5/tengo/v2/objects.go:495.22,496.27 1 1
github.com/d5/tengo/v2/objects.go:496.27,498.5 1 0
github.com/d5/tengo/v2/objects.go:499.4,499.26 1 1
github.com/d5/tengo/v2/objects.go:500.21,501.28 1 1
github.com/d5/tengo/v2/objects.go:501.28,503.5 1 1
github.com/d5/tengo/v2/objects.go:504.4,504.26 1 0
github.com/d5/tengo/v2/objects.go:505.24,506.28 1 1
github.com/d5/tengo/v2/objects.go:506.28,508.5 1 1
github.com/d5/tengo/v2/objects.go:509.4,509.26 1 1
github.com/d5/tengo/v2/objects.go:511.12,512.13 1 1
github.com/d5/tengo/v2/objects.go:513.18,515.20 2 1
github.com/d5/tengo/v2/objects.go:515.20,517.5 1 0
github.com/d5/tengo/v2/objects.go:518.4,518.31 1 1
github.com/d5/tengo/v2/objects.go:519.18,521.20 2 1
github.com/d5/tengo/v2/objects.go:521.20,523.5 1 0
github.com/d5/tengo/v2/objects.go:524.4,524.31 1 1
github.com/d5/tengo/v2/objects.go:525.19,526.34 1 0
github.com/d5/tengo/v2/objects.go:526.34,528.5 1 0
github.com/d5/tengo/v2/objects.go:529.4,529.26 1 0
github.com/d5/tengo/v2/objects.go:530.22,531.34 1 0
github.com/d5/tengo/v2/objects.go:531.34,533.5 1 0
github.com/d5/tengo/v2/objects.go:534.4,534.26 1 0
github.com/d5/tengo/v2/objects.go:535.21,536.35 1 0
github.com/d5/tengo/v2/objects.go:536.35,538.5 1 0
github.com/d5/tengo/v2/objects.go:539.4,539.26 1 0
github.com/d5/tengo/v2/objects.go:540.24,541.35 1 0
github.com/d5/tengo/v2/objects.go:541.35,543.5 1 0
github.com/d5/tengo/v2/objects.go:544.4,544.26 1 0
github.com/d5/tengo/v2/objects.go:547.2,547.32 1 1
github.com/d5/tengo/v2/objects.go:551.30,553.2 1 1
github.com/d5/tengo/v2/objects.go:556.31,558.2 1 1
github.com/d5/tengo/v2/objects.go:562.38,564.9 2 1
github.com/d5/tengo/v2/objects.go:564.9,566.3 1 0
github.com/d5/tengo/v2/objects.go:567.2,567.27 1 1
github.com/d5/tengo/v2/objects.go:582.46,584.2 1 1
github.com/d5/tengo/v2/objects.go:586.44,588.2 1 1
github.com/d5/tengo/v2/objects.go:591.42,599.2 1 1
github.com/d5/tengo/v2/objects.go:603.50,605.2 1 0
github.com/d5/tengo/v2/objects.go:608.57,609.14 1 1
github.com/d5/tengo/v2/objects.go:609.14,610.35 1 1
github.com/d5/tengo/v2/objects.go:610.35,612.4 1 1
github.com/d5/tengo/v2/objects.go:613.3,613.7 1 1
github.com/d5/tengo/v2/objects.go:615.2,615.21 1 0
github.com/d5/tengo/v2/objects.go:619.43,621.2 1 1
github.com/d5/tengo/v2/objects.go:624.65,626.2 1 1
github.com/d5/tengo/v2/objects.go:629.94,632.2 2 1
github.com/d5/tengo/v2/objects.go:636.106,638.2 1 1
github.com/d5/tengo/v2/objects.go:642.138,644.15 1 1
github.com/d5/tengo/v2/objects.go:644.15,645.36 1 0
github.com/d5/tengo/v2/objects.go:645.36,647.4 1 0
github.com/d5/tengo/v2/objects.go:648.8,649.35 1 1
github.com/d5/tengo/v2/objects.go:649.35,651.4 1 1
github.com/d5/tengo/v2/objects.go:655.2,655.30 1 1
github.com/d5/tengo/v2/objects.go:655.30,657.3 1 1
github.com/d5/tengo/v2/objects.go:660.2,660.22 1 1
github.com/d5/tengo/v2/objects.go:660.22,666.3 1 1
github.com/d5/tengo/v2/objects.go:669.2,669.37 1 1
github.com/d5/tengo/v2/objects.go:669.37,670.22 1 1
github.com/d5/tengo/v2/objects.go:670.22,675.4 1 1
github.com/d5/tengo/v2/objects.go:679.2,680.20 2 1
github.com/d5/tengo/v2/objects.go:680.20,683.3 2 1
github.com/d5/tengo/v2/objects.go:683.8,686.28 2 0
github.com/d5/tengo/v2/objects.go:686.28,688.4 1 0
github.com/d5/tengo/v2/objects.go:692.2,725.27 12 1
github.com/d5/tengo/v2/objects.go:725.27,728.3 2 1
github.com/d5/tengo/v2/objects.go:731.2,731.43 1 1
github.com/d5/tengo/v2/objects.go:731.43,734.3 2 0
github.com/d5/tengo/v2/objects.go:737.2,738.16 2 1
github.com/d5/tengo/v2/objects.go:738.16,740.3 1 0
github.com/d5/tengo/v2/objects.go:743.2,744.15 2 1
github.com/d5/tengo/v2/objects.go:744.15,746.3 1 1
github.com/d5/tengo/v2/objects.go:749.2,749.32 1 1
github.com/d5/tengo/v2/objects.go:759.35,761.2 1 1
github.com/d5/tengo/v2/objects.go:763.33,764.20 1 1
github.com/d5/tengo/v2/objects.go:764.20,766.3 1 1
github.com/d5/tengo/v2/objects.go:767.2,767.16 1 1
github.com/d5/tengo/v2/objects.go:771.32,773.2 1 1
github.com/d5/tengo/v2/objects.go:776.31,778.2 1 0
github.com/d5/tengo/v2/objects.go:782.39,784.2 1 1
github.com/d5/tengo/v2/objects.go:787.64,788.53 1 1
github.com/d5/tengo/v2/objects.go:788.53,791.3 2 1
github.com/d5/tengo/v2/objects.go:792.2,793.8 2 1
github.com/d5/tengo/v2/objects.go:802.33,804.2 1 1
github.com/d5/tengo/v2/objects.go:807.35,809.2 1 1
github.com/d5/tengo/v2/objects.go:813.70,814.27 1 1
github.com/d5/tengo/v2/objects.go:815.14,816.13 1 1
github.com/d5/tengo/v2/objects.go:817.18,819.20 2 1
github.com/d5/tengo/v2/objects.go:819.20,821.5 1 1
github.com/d5/tengo/v2/objects.go:822.4,822.32 1 1
github.com/d5/tengo/v2/objects.go:823.18,825.20 2 1
github.com/d5/tengo/v2/objects.go:825.20,827.5 1 1
github.com/d5/tengo/v2/objects.go:828.4,828.32 1 1
github.com/d5/tengo/v2/objects.go:829.18,831.20 2 1
github.com/d5/tengo/v2/objects.go:831.20,833.5 1 0
github.com/d5/tengo/v2/objects.go:834.4,834.32 1 1
github.com/d5/tengo/v2/objects.go:835.18,837.20 2 1
github.com/d5/tengo/v2/objects.go:837.20,839.5 1 0
github.com/d5/tengo/v2/objects.go:840.4,840.32 1 1
github.com/d5/tengo/v2/objects.go:841.19,842.27 1 1
github.com/d5/tengo/v2/objects.go:842.27,844.5 1 1
github.com/d5/tengo/v2/objects.go:845.4,845.26 1 1
github.com/d5/tengo/v2/objects.go:846.22,847.27 1 1
github.com/d5/tengo/v2/objects.go:847.27,849.5 1 1
github.com/d5/tengo/v2/objects.go:850.4,850.26 1 1
github.com/d5/tengo/v2/objects.go:851.21,852.28 1 1
github.com/d5/tengo/v2/objects.go:852.28,854.5 1 1
github.com/d5/tengo/v2/objects.go:855.4,855.26 1 1
github.com/d5/tengo/v2/objects.go:856.24,857.28 1 1
github.com/d5/tengo/v2/objects.go:857.28,859.5 1 1
github.com/d5/tengo/v2/objects.go:860.4,860.26 1 1
github.com/d5/tengo/v2/objects.go:862.12,863.13 1 1
github.com/d5/tengo/v2/objects.go:864.18,866.20 2 1
github.com/d5/tengo/v2/objects.go:866.20,868.5 1 1
github.com/d5/tengo/v2/objects.go:869.4,869.32 1 1
github.com/d5/tengo/v2/objects.go:870.18,872.20 2 1
github.com/d5/tengo/v2/objects.go:872.20,874.5 1 1
github.com/d5/tengo/v2/objects.go:875.4,875.32 1 1
github.com/d5/tengo/v2/objects.go:876.18,878.20 2 1
github.com/d5/tengo/v2/objects.go:878.20,880.5 1 1
github.com/d5/tengo/v2/objects.go:881.4,881.32 1 1
github.com/d5/tengo/v2/objects.go:882.18,884.20 2 1
github.com/d5/tengo/v2/objects.go:884.20,886.5 1 1
github.com/d5/tengo/v2/objects.go:887.4,887.32 1 1
github.com/d5/tengo/v2/objects.go:888.19,889.36 1 1
github.com/d5/tengo/v2/objects.go:889.36,891.5 1 1
github.com/d5/tengo/v2/objects.go:892.4,892.26 1 1
github.com/d5/tengo/v2/objects.go:893.22,894.36 1 1
github.com/d5/tengo/v2/objects.go:894.36,896.5 1 1
github.com/d5/tengo/v2/objects.go:897.4,897.26 1 1
github.com/d5/tengo/v2/objects.go:898.21,899.37 1 1
github.com/d5/tengo/v2/objects.go:899.37,901.5 1 1
github.com/d5/tengo/v2/objects.go:902.4,902.26 1 1
github.com/d5/tengo/v2/objects.go:903.24,904.37 1 1
github.com/d5/tengo/v2/objects.go:904.37,906.5 1 1
github.com/d5/tengo/v2/objects.go:907.4,907.26 1 1
github.com/d5/tengo/v2/objects.go:910.2,910.32 1 0
github.com/d5/tengo/v2/objects.go:914.31,916.2 1 1
github.com/d5/tengo/v2/objects.go:919.32,921.2 1 1
github.com/d5/tengo/v2/objects.go:925.39,927.9 2 1
github.com/d5/tengo/v2/objects.go:927.9,929.3 1 0
github.com/d5/tengo/v2/objects.go:930.2,930.27 1 1
github.com/d5/tengo/v2/objects.go:940.44,942.2 1 1
github.com/d5/tengo/v2/objects.go:944.42,946.28 2 1
github.com/d5/tengo/v2/objects.go:946.28,948.3 1 1
github.com/d5/tengo/v2/objects.go:949.2,949.58 1 1
github.com/d5/tengo/v2/objects.go:954.79,955.42 1 0
github.com/d5/tengo/v2/objects.go:955.42,956.13 1 0
github.com/d5/tengo/v2/objects.go:957.18,958.60 1 0
github.com/d5/tengo/v2/objects.go:961.2,961.32 1 0
github.com/d5/tengo/v2/objects.go:965.40,967.31 2 1
github.com/d5/tengo/v2/objects.go:967.31,969.3 1 1
github.com/d5/tengo/v2/objects.go:970.2,970.25 1 1
github.com/d5/tengo/v2/objects.go:974.41,976.2 1 0
github.com/d5/tengo/v2/objects.go:980.48,982.23 2 1
github.com/d5/tengo/v2/objects.go:983.14,984.17 1 1
github.com/d5/tengo/v2/objects.go:985.23,986.17 1 1
github.com/d5/tengo/v2/objects.go:987.10,988.15 1 0
github.com/d5/tengo/v2/objects.go:990.2,990.31 1 1
github.com/d5/tengo/v2/objects.go:990.31,992.3 1 1
github.com/d5/tengo/v2/objects.go:993.2,993.28 1 1
github.com/d5/tengo/v2/objects.go:993.28,994.25 1 1
github.com/d5/tengo/v2/objects.go:994.25,996.4 1 0
github.com/d5/tengo/v2/objects.go:998.2,998.13 1 1
github.com/d5/tengo/v2/objects.go:1002.73,1004.9 2 1
github.com/d5/tengo/v2/objects.go:1004.9,1007.3 2 0
github.com/d5/tengo/v2/objects.go:1008.2,1009.42 2 1
github.com/d5/tengo/v2/objects.go:1009.42,1012.3 2 1
github.com/d5/tengo/v2/objects.go:1013.2,1014.8 2 1
github.com/d5/tengo/v2/objects.go:1018.45,1023.2 1 1
github.com/d5/tengo/v2/objects.go:1026.44,1028.2 1 1
github.com/d5/tengo/v2/objects.go:1037.42,1039.2 1 1
github.com/d5/tengo/v2/objects.go:1041.40,1043.28 2 1
github.com/d5/tengo/v2/objects.go:1043.28,1045.3 1 1
github.com/d5/tengo/v2/objects.go:1046.2,1046.55 1 1
github.com/d5/tengo/v2/objects.go:1050.38,1052.28 2 0
github.com/d5/tengo/v2/objects.go:1052.28,1054.3 1 0
github.com/d5/tengo/v2/objects.go:1055.2,1055.23 1 0
github.com/d5/tengo/v2/objects.go:1059.39,1061.2 1 0
github.com/d5/tengo/v2/objects.go:1064.71,1066.9 2 1
github.com/d5/tengo/v2/objects.go:1066.9,1069.3 2 0
github.com/d5/tengo/v2/objects.go:1070.2,1071.9 2 1
github.com/d5/tengo/v2/objects.go:1071.9,1073.3 1 1
github.com/d5/tengo/v2/objects.go:1074.2,1074.8 1 1
github.com/d5/tengo/v2/objects.go:1079.46,1081.23 2 1
github.com/d5/tengo/v2/objects.go:1082.12,1083.17 1 1
github.com/d5/tengo/v2/objects.go:1084.21,1085.17 1 1
github.com/d5/tengo/v2/objects.go:1086.10,1087.15 1 0
github.com/d5/tengo/v2/objects.go:1089.2,1089.31 1 1
github.com/d5/tengo/v2/objects.go:1089.31,1091.3 1 0
github.com/d5/tengo/v2/objects.go:1092.2,1092.28 1 1
github.com/d5/tengo/v2/objects.go:1092.28,1094.20 2 1
github.com/d5/tengo/v2/objects.go:1094.20,1096.4 1 1
github.com/d5/tengo/v2/objects.go:1098.2,1098.13 1 1
github.com/d5/tengo/v2/objects.go:1102.43,1104.25 2 1
github.com/d5/tengo/v2/objects.go:1104.25,1106.3 1 1
github.com/d5/tengo/v2/objects.go:1107.2,1111.3 1 1
[...]
github.com/d5/tengo/v2/symbol_table.go:172.2,172.13 1 1
github.com/d5/tengo/v2/symbol_table.go:172.13,174.3 1 1
github.com/d5/tengo/v2/symbol_table.go:177.60,187.2 4 1
github.com/d5/tengo/v2/tengo.go:40.37,42.23 2 1
github.com/d5/tengo/v2/tengo.go:43.14,44.29 1 1
github.com/d5/tengo/v2/tengo.go:44.29,46.4 1 1
github.com/d5/tengo/v2/tengo.go:47.23,48.29 1 1
github.com/d5/tengo/v2/tengo.go:48.29,50.4 1 1
github.com/d5/tengo/v2/tengo.go:51.12,52.29 1 1
github.com/d5/tengo/v2/tengo.go:52.29,54.4 1 1
github.com/d5/tengo/v2/tengo.go:55.21,56.29 1 1
github.com/d5/tengo/v2/tengo.go:56.29,58.4 1 1
github.com/d5/tengo/v2/tengo.go:59.14,60.29 1 1
github.com/d5/tengo/v2/tengo.go:62.2,62.8 1 1
github.com/d5/tengo/v2/tengo.go:66.45,67.25 1 1
github.com/d5/tengo/v2/tengo.go:67.25,69.3 1 1
github.com/d5/tengo/v2/tengo.go:70.2,71.38 2 1
github.com/d5/tengo/v2/tengo.go:71.38,73.3 1 1
github.com/d5/tengo/v2/tengo.go:73.8,75.3 1 1
github.com/d5/tengo/v2/tengo.go:76.2,76.8 1 1
github.com/d5/tengo/v2/tengo.go:80.39,81.23 1 1
github.com/d5/tengo/v2/tengo.go:82.12,84.12 2 1
github.com/d5/tengo/v2/tengo.go:85.14,87.12 2 0
github.com/d5/tengo/v2/tengo.go:88.13,90.12 2 0
github.com/d5/tengo/v2/tengo.go:91.13,92.21 1 1
github.com/d5/tengo/v2/tengo.go:92.21,94.4 1 1
github.com/d5/tengo/v2/tengo.go:95.3,95.12 1 1
github.com/d5/tengo/v2/tengo.go:96.15,98.17 2 1
github.com/d5/tengo/v2/tengo.go:98.17,101.4 2 0
github.com/d5/tengo/v2/tengo.go:103.2,103.8 1 1
github.com/d5/tengo/v2/tengo.go:107.43,108.23 1 1
github.com/d5/tengo/v2/tengo.go:109.12,111.12 2 1
github.com/d5/tengo/v2/tengo.go:112.14,114.12 2 1
github.com/d5/tengo/v2/tengo.go:115.13,117.12 2 1
github.com/d5/tengo/v2/tengo.go:118.13,119.21 1 1
github.com/d5/tengo/v2/tengo.go:119.21,121.4 1 1
github.com/d5/tengo/v2/tengo.go:122.3,122.12 1 1
github.com/d5/tengo/v2/tengo.go:123.15,125.17 2 1
github.com/d5/tengo/v2/tengo.go:125.17,128.4 2 1
github.com/d5/tengo/v2/tengo.go:130.2,130.8 1 1
github.com/d5/tengo/v2/tengo.go:134.47,135.23 1 1
github.com/d5/tengo/v2/tengo.go:136.12,138.12 2 1
github.com/d5/tengo/v2/tengo.go:139.14,141.12 2 1
github.com/d5/tengo/v2/tengo.go:142.15,144.17 2 1
github.com/d5/tengo/v2/tengo.go:144.17,147.4 2 1
github.com/d5/tengo/v2/tengo.go:149.2,149.8 1 1
github.com/d5/tengo/v2/tengo.go:153.41,157.2 3 1
github.com/d5/tengo/v2/tengo.go:160.41,161.23 1 1
github.com/d5/tengo/v2/tengo.go:162.12,164.12 2 1
github.com/d5/tengo/v2/tengo.go:165.13,167.12 2 0
github.com/d5/tengo/v2/tengo.go:169.2,169.8 1 1
github.com/d5/tengo/v2/tengo.go:173.48,174.23 1 1
github.com/d5/tengo/v2/tengo.go:175.14,177.12 2 0
github.com/d5/tengo/v2/tengo.go:178.15,180.12 2 1
github.com/d5/tengo/v2/tengo.go:182.2,182.8 1 1
github.com/d5/tengo/v2/tengo.go:186.46,187.23 1 1
github.com/d5/tengo/v2/tengo.go:188.13,190.12 2 0
github.com/d5/tengo/v2/tengo.go:191.12,193.12 2 1
github.com/d5/tengo/v2/tengo.go:195.2,195.8 1 1
github.com/d5/tengo/v2/tengo.go:199.46,200.23 1 1
github.com/d5/tengo/v2/tengo.go:201.12,202.16 1 1
github.com/d5/tengo/v2/tengo.go:203.15,204.16 1 1
github.com/d5/tengo/v2/tengo.go:205.14,206.16 1 1
github.com/d5/tengo/v2/tengo.go:207.13,208.23 1 1
github.com/d5/tengo/v2/tengo.go:209.13,210.16 1 0
github.com/d5/tengo/v2/tengo.go:211.14,212.16 1 0
github.com/d5/tengo/v2/tengo.go:213.14,215.31 2 0
github.com/d5/tengo/v2/tengo.go:215.31,217.4 1 0
github.com/d5/tengo/v2/tengo.go:218.23,220.31 2 0
github.com/d5/tengo/v2/tengo.go:220.31,222.4 1 0
github.com/d5/tengo/v2/tengo.go:223.12,225.31 2 0
github.com/d5/tengo/v2/tengo.go:225.31,227.4 1 0
github.com/d5/tengo/v2/tengo.go:228.21,230.31 2 0
github.com/d5/tengo/v2/tengo.go:230.31,232.4 1 0
github.com/d5/tengo/v2/tengo.go:233.13,234.16 1 0
github.com/d5/tengo/v2/tengo.go:235.14,236.31 1 0
github.com/d5/tengo/v2/tengo.go:237.18,238.12 1 1
github.com/d5/tengo/v2/tengo.go:239.14,240.11 1 1
github.com/d5/tengo/v2/tengo.go:242.2,242.8 1 1
github.com/d5/tengo/v2/tengo.go:246.51,247.23 1 1
github.com/d5/tengo/v2/tengo.go:248.11,249.29 1 1
github.com/d5/tengo/v2/tengo.go:250.14,251.28 1 1
github.com/d5/tengo/v2/tengo.go:251.28,253.4 1 0
github.com/d5/tengo/v2/tengo.go:254.3,254.32 1 1
github.com/d5/tengo/v2/tengo.go:255.13,256.29 1 1
github.com/d5/tengo/v2/tengo.go:257.11,258.36 1 1
github.com/d5/tengo/v2/tengo.go:259.12,260.8 1 1
github.com/d5/tengo/v2/tengo.go:260.8,262.4 1 1
github.com/d5/tengo/v2/tengo.go:263.3,263.25 1 0
github.com/d5/tengo/v2/tengo.go:264.12,265.30 1 0
github.com/d5/tengo/v2/tengo.go:266.12,267.36 1 0
github.com/d5/tengo/v2/tengo.go:268.15,269.31 1 0
github.com/d5/tengo/v2/tengo.go:270.14,271.27 1 0
github.com/d5/tengo/v2/tengo.go:271.27,273.4 1 0
github.com/d5/tengo/v2/tengo.go:274.3,274.31 1 0
github.com/d5/tengo/v2/tengo.go:275.13,276.55 1 0
github.com/d5/tengo/v2/tengo.go:277.25,278.29 1 0
github.com/d5/tengo/v2/tengo.go:279.30,281.25 2 1
github.com/d5/tengo/v2/tengo.go:281.25,283.18 2 1
github.com/d5/tengo/v2/tengo.go:283.18,285.5 1 0
github.com/d5/tengo/v2/tengo.go:286.4,286.15 1 1
github.com/d5/tengo/v2/tengo.go:288.3,288.30 1 1
github.com/d5/tengo/v2/tengo.go:289.16,290.31 1 0
github.com/d5/tengo/v2/tengo.go:291.21,293.23 2 0
github.com/d5/tengo/v2/tengo.go:293.23,295.18 2 0
github.com/d5/tengo/v2/tengo.go:295.18,297.5 1 0
github.com/d5/tengo/v2/tengo.go:298.4,298.15 1 0
github.com/d5/tengo/v2/tengo.go:300.3,300.33 1 0
github.com/d5/tengo/v2/tengo.go:301.17,302.30 1 0
github.com/d5/tengo/v2/tengo.go:303.14,304.16 1 1
github.com/d5/tengo/v2/tengo.go:305.20,306.38 1 1
github.com/d5/tengo/v2/tengo.go:308.2,308.59 1 0
github.com/d5/tengo/v2/variable.go:14.69,16.16 2 1
github.com/d5/tengo/v2/variable.go:16.16,18.3 1 0
github.com/d5/tengo/v2/variable.go:19.2,22.8 1 1
github.com/d5/tengo/v2/variable.go:26.34,28.2 1 1
github.com/d5/tengo/v2/variable.go:31.40,33.2 1 1
github.com/d5/tengo/v2/variable.go:36.39,38.2 1 1
github.com/d5/tengo/v2/variable.go:42.30,45.2 2 1
github.com/d5/tengo/v2/variable.go:49.34,52.2 2 1
github.com/d5/tengo/v2/variable.go:56.36,59.2 2 1
github.com/d5/tengo/v2/variable.go:63.32,66.2 2 1
github.com/d5/tengo/v2/variable.go:70.32,73.2 2 1
github.com/d5/tengo/v2/variable.go:77.42,78.31 1 0
github.com/d5/tengo/v2/variable.go:79.14,81.31 2 0
github.com/d5/tengo/v2/variable.go:81.31,83.4 1 0
github.com/d5/tengo/v2/variable.go:84.3,84.13 1 0
github.com/d5/tengo/v2/variable.go:86.2,86.12 1 0
github.com/d5/tengo/v2/variable.go:91.49,92.31 1 1
github.com/d5/tengo/v2/variable.go:93.12,95.33 2 1
github.com/d5/tengo/v2/variable.go:95.33,97.4 1 1
github.com/d5/tengo/v2/variable.go:98.3,98.12 1 1
github.com/d5/tengo/v2/variable.go:100.2,100.12 1 0
github.com/d5/tengo/v2/variable.go:105.36,108.2 2 1
github.com/d5/tengo/v2/variable.go:112.35,115.2 2 0
github.com/d5/tengo/v2/variable.go:119.34,121.8 2 0
github.com/d5/tengo/v2/variable.go:121.8,123.3 1 0
github.com/d5/tengo/v2/variable.go:124.2,124.12 1 0
github.com/d5/tengo/v2/variable.go:129.36,131.2 1 1
github.com/d5/tengo/v2/variable.go:134.39,136.2 1 1
github.com/d5/tengo/v2/vm.go:42.7,43.20 1 1
github.com/d5/tengo/v2/vm.go:43.20,45.3 1 0
github.com/d5/tengo/v2/vm.go:46.2,59.10 6 1
github.com/d5/tengo/v2/vm.go:63.22,65.2 1 1
github.com/d5/tengo/v2/vm.go:68.32,70.15 1 1
github.com/d5/tengo/v2/vm.go:70.15,72.3 1 1
github.com/d5/tengo/v2/vm.go:73.2,82.16 9 1
github.com/d5/tengo/v2/vm.go:82.16,87.25 3 1
github.com/d5/tengo/v2/vm.go:87.25,93.4 4 1
github.com/d5/tengo/v2/vm.go:94.3,94.13 1 1
github.com/d5/tengo/v2/vm.go:96.2,96.12 1 1
github.com/d5/tengo/v2/vm.go:99.20,100.41 1 1
github.com/d5/tengo/v2/vm.go:100.41,103.27 2 1
github.com/d5/tengo/v2/vm.go:104.26,109.10 4 1
github.com/d5/tengo/v2/vm.go:110.22,112.10 2 1
github.com/d5/tengo/v2/vm.go:113.26,119.16 6 1
github.com/d5/tengo/v2/vm.go:119.16,121.32 2 1
github.com/d5/tengo/v2/vm.go:121.32,125.6 2 1
github.com/d5/tengo/v2/vm.go:126.5,127.11 2 0
github.com/d5/tengo/v2/vm.go:130.4,131.21 2 1
github.com/d5/tengo/v2/vm.go:131.21,134.5 2 1
github.com/d5/tengo/v2/vm.go:136.4,137.10 2 1
github.com/d5/tengo/v2/vm.go:138.23,142.26 4 1
github.com/d5/tengo/v2/vm.go:142.26,144.5 1 1
github.com/d5/tengo/v2/vm.go:144.10,146.5 1 1
github.com/d5/tengo/v2/vm.go:147.4,147.10 1 1
github.com/d5/tengo/v2/vm.go:148.26,152.26 4 1
github.com/d5/tengo/v2/vm.go:152.26,154.5 1 1
github.com/d5/tengo/v2/vm.go:154.10,156.5 1 1
github.com/d5/tengo/v2/vm.go:157.4,157.10 1 1
github.com/d5/tengo/v2/vm.go:158.21,159.10 1 1
github.com/d5/tengo/v2/vm.go:160.22,162.10 2 1
github.com/d5/tengo/v2/vm.go:163.23,165.10 2 1
github.com/d5/tengo/v2/vm.go:166.22,169.25 3 1
github.com/d5/tengo/v2/vm.go:169.25,171.5 1 1
github.com/d5/tengo/v2/vm.go:171.10,173.5 1 1
github.com/d5/tengo/v2/vm.go:174.4,174.10 1 1
github.com/d5/tengo/v2/vm.go:175.29,179.31 3 1
github.com/d5/tengo/v2/vm.go:180.14,183.22 3 1
github.com/d5/tengo/v2/vm.go:183.22,186.6 2 0
github.com/d5/tengo/v2/vm.go:187.5,188.11 2 1
github.com/d5/tengo/v2/vm.go:189.12,192.11 2 0
github.com/d5/tengo/v2/vm.go:194.23,198.31 3 1
github.com/d5/tengo/v2/vm.go:199.14,202.22 3 1
github.com/d5/tengo/v2/vm.go:202.22,205.6 2 0
github.com/d5/tengo/v2/vm.go:206.5,207.11 2 1
github.com/d5/tengo/v2/vm.go:208.16,211.22 3 1
github.com/d5/tengo/v2/vm.go:211.22,214.6 2 0
github.com/d5/tengo/v2/vm.go:215.5,216.11 2 1
github.com/d5/tengo/v2/vm.go:217.12,220.11 2 1
github.com/d5/tengo/v2/vm.go:222.27,225.31 3 1
github.com/d5/tengo/v2/vm.go:225.31,228.5 2 1
github.com/d5/tengo/v2/vm.go:229.25,231.33 2 1
github.com/d5/tengo/v2/vm.go:231.33,234.5 2 1
github.com/d5/tengo/v2/vm.go:234.10,236.5 1 1
github.com/d5/tengo/v2/vm.go:237.24,239.33 2 1
github.com/d5/tengo/v2/vm.go:239.33,241.5 1 1
github.com/d5/tengo/v2/vm.go:241.10,244.5 2 1
github.com/d5/tengo/v2/vm.go:245.22,247.18 2 1
github.com/d5/tengo/v2/vm.go:248.27,252.42 4 1
github.com/d5/tengo/v2/vm.go:253.30,260.38 5 1
github.com/d5/tengo/v2/vm.go:260.38,262.5 1 1
github.com/d5/tengo/v2/vm.go:263.4,266.16 4 1
github.com/d5/tengo/v2/vm.go:266.16,269.5 2 1
github.com/d5/tengo/v2/vm.go:270.27,275.10 5 1
github.com/d5/tengo/v2/vm.go:276.23,281.47 4 1
github.com/d5/tengo/v2/vm.go:281.47,283.5 1 1
github.com/d5/tengo/v2/vm.go:284.4,288.21 4 1
github.com/d5/tengo/v2/vm.go:288.21,291.5 2 0
github.com/d5/tengo/v2/vm.go:293.4,294.10 2 1
github.com/d5/tengo/v2/vm.go:295.21,299.50 4 1
github.com/d5/tengo/v2/vm.go:299.50,303.5 3 1
github.com/d5/tengo/v2/vm.go:304.4,308.21 4 1
github.com/d5/tengo/v2/vm.go:308.21,311.5 2 0
github.com/d5/tengo/v2/vm.go:312.4,313.10 2 1
github.com/d5/tengo/v2/vm.go:314.23,320.21 4 1
github.com/d5/tengo/v2/vm.go:320.21,323.5 2 0
github.com/d5/tengo/v2/vm.go:324.4,324.23 1 1
github.com/d5/tengo/v2/vm.go:325.27,327.33 2 1
github.com/d5/tengo/v2/vm.go:328.16,333.22 3 1
github.com/d5/tengo/v2/vm.go:333.22,336.6 2 0
github.com/d5/tengo/v2/vm.go:337.5,337.37 1 1
github.com/d5/tengo/v2/vm.go:338.14,343.22 3 1
github.com/d5/tengo/v2/vm.go:343.22,346.6 2 0
github.com/d5/tengo/v2/vm.go:347.5,347.35 1 1
github.com/d5/tengo/v2/vm.go:349.23,355.18 5 1
github.com/d5/tengo/v2/vm.go:355.18,356.31 1 1
github.com/d5/tengo/v2/vm.go:356.31,359.6 2 0
github.com/d5/tengo/v2/vm.go:360.5,360.35 1 1
github.com/d5/tengo/v2/vm.go:360.35,364.6 2 1
github.com/d5/tengo/v2/vm.go:365.5,366.11 2 1
github.com/d5/tengo/v2/vm.go:368.4,368.18 1 1
github.com/d5/tengo/v2/vm.go:368.18,370.5 1 0
github.com/d5/tengo/v2/vm.go:371.4,372.10 2 1
github.com/d5/tengo/v2/vm.go:373.28,380.29 6 1
github.com/d5/tengo/v2/vm.go:380.29,381.37 1 1
github.com/d5/tengo/v2/vm.go:381.37,383.6 1 1
github.com/d5/tengo/v2/vm.go:383.11,387.6 2 0
github.com/d5/tengo/v2/vm.go:390.4,390.31 1 1
github.com/d5/tengo/v2/vm.go:391.16,394.31 3 1
github.com/d5/tengo/v2/vm.go:394.31,396.6 1 1
github.com/d5/tengo/v2/vm.go:396.11,396.46 1 1
github.com/d5/tengo/v2/vm.go:396.46,398.6 1 1
github.com/d5/tengo/v2/vm.go:398.11,402.6 2 1
github.com/d5/tengo/v2/vm.go:403.5,403.25 1 1
github.com/d5/tengo/v2/vm.go:403.25,407.6 2 1
github.com/d5/tengo/v2/vm.go:408.5,408.19 1 1
github.com/d5/tengo/v2/vm.go:408.19,410.6 1 1
github.com/d5/tengo/v2/vm.go:410.11,410.36 1 1
github.com/d5/tengo/v2/vm.go:410.36,412.6 1 0
github.com/d5/tengo/v2/vm.go:413.5,413.20 1 1
github.com/d5/tengo/v2/vm.go:413.20,415.6 1 0
github.com/d5/tengo/v2/vm.go:415.11,415.37 1 1
github.com/d5/tengo/v2/vm.go:415.37,417.6 1 1
github.com/d5/tengo/v2/vm.go:418.5,422.22 3 1
github.com/d5/tengo/v2/vm.go:422.22,425.6 2 0
github.com/d5/tengo/v2/vm.go:426.5,427.11 2 1
github.com/d5/tengo/v2/vm.go:428.25,431.31 3 1
github.com/d5/tengo/v2/vm.go:431.31,433.6 1 0
github.com/d5/tengo/v2/vm.go:433.11,433.46 1 1
github.com/d5/tengo/v2/vm.go:433.46,435.6 1 1
github.com/d5/tengo/v2/vm.go:435.11,439.6 2 1
github.com/d5/tengo/v2/vm.go:440.5,440.25 1 1
github.com/d5/tengo/v2/vm.go:440.25,444.6 2 0
github.com/d5/tengo/v2/vm.go:445.5,445.19 1 1
github.com/d5/tengo/v2/vm.go:445.19,447.6 1 0
github.com/d5/tengo/v2/vm.go:447.11,447.36 1 1
github.com/d5/tengo/v2/vm.go:447.36,449.6 1 0
github.com/d5/tengo/v2/vm.go:450.5,450.20 1 1
github.com/d5/tengo/v2/vm.go:450.20,452.6 1 0
github.com/d5/tengo/v2/vm.go:452.11,452.37 1 1
github.com/d5/tengo/v2/vm.go:452.37,454.6 1 0
github.com/d5/tengo/v2/vm.go:455.5,459.22 3 1
github.com/d5/tengo/v2/vm.go:459.22,462.6 2 0
github.com/d5/tengo/v2/vm.go:463.5,464.11 2 1
github.com/d5/tengo/v2/vm.go:465.17,468.31 3 1
github.com/d5/tengo/v2/vm.go:468.31,470.6 1 1
github.com/d5/tengo/v2/vm.go:470.11,470.46 1 1
github.com/d5/tengo/v2/vm.go:470.46,472.6 1 1
github.com/d5/tengo/v2/vm.go:472.11,476.6 2 1
github.com/d5/tengo/v2/vm.go:477.5,477.25 1 1
github.com/d5/tengo/v2/vm.go:477.25,481.6 2 1
github.com/d5/tengo/v2/vm.go:482.5,482.19 1 1
github.com/d5/tengo/v2/vm.go:482.19,484.6 1 1
github.com/d5/tengo/v2/vm.go:484.11,484.36 1 1
github.com/d5/tengo/v2/vm.go:484.36,486.6 1 0
github.com/d5/tengo/v2/vm.go:487.5,487.20 1 1
github.com/d5/tengo/v2/vm.go:487.20,489.6 1 0
github.com/d5/tengo/v2/vm.go:489.11,489.37 1 1
github.com/d5/tengo/v2/vm.go:489.37,491.6 1 1
github.com/d5/tengo/v2/vm.go:492.5,496.22 3 1
github.com/d5/tengo/v2/vm.go:496.22,499.6 2 0
github.com/d5/tengo/v2/vm.go:500.5,501.11 2 1
github.com/d5/tengo/v2/vm.go:502.16,505.31 3 1
github.com/d5/tengo/v2/vm.go:505.31,507.6 1 0
github.com/d5/tengo/v2/vm.go:507.11,507.46 1 1
github.com/d5/tengo/v2/vm.go:507.46,509.6 1 0
github.com/d5/tengo/v2/vm.go:509.11,513.6 2 1
github.com/d5/tengo/v2/vm.go:514.5,514.25 1 0
github.com/d5/tengo/v2/vm.go:514.25,518.6 2 0
github.com/d5/tengo/v2/vm.go:519.5,519.19 1 0
github.com/d5/tengo/v2/vm.go:519.19,521.6 1 0
github.com/d5/tengo/v2/vm.go:521.11,521.36 1 0
github.com/d5/tengo/v2/vm.go:521.36,523.6 1 0
github.com/d5/tengo/v2/vm.go:524.5,524.20 1 0
github.com/d5/tengo/v2/vm.go:524.20,526.6 1 0
github.com/d5/tengo/v2/vm.go:526.11,526.37 1 0
github.com/d5/tengo/v2/vm.go:526.37,528.6 1 0
github.com/d5/tengo/v2/vm.go:529.5,533.22 3 0
github.com/d5/tengo/v2/vm.go:533.22,536.6 2 0
github.com/d5/tengo/v2/vm.go:537.5,538.11 2 0
github.com/d5/tengo/v2/vm.go:539.12,541.11 2 1
github.com/d5/tengo/v2/vm.go:543.22,549.24 5 1
github.com/d5/tengo/v2/vm.go:549.24,552.5 2 1
github.com/d5/tengo/v2/vm.go:554.4,554.19 1 1
github.com/d5/tengo/v2/vm.go:554.19,556.40 2 1
github.com/d5/tengo/v2/vm.go:557.17,558.37 1 1
github.com/d5/tengo/v2/vm.go:558.37,561.7 2 1
github.com/d5/tengo/v2/vm.go:562.6,562.35 1 1
github.com/d5/tengo/v2/vm.go:563.26,564.37 1 1
github.com/d5/tengo/v2/vm.go:564.37,567.7 2 1
github.com/d5/tengo/v2/vm.go:568.6,568.35 1 1
github.com/d5/tengo/v2/vm.go:569.13,571.12 2 0
github.com/d5/tengo/v2/vm.go:575.4,575.51 1 1
github.com/d5/tengo/v2/vm.go:575.51,576.23 1 1
github.com/d5/tengo/v2/vm.go:576.23,581.22 3 1
github.com/d5/tengo/v2/vm.go:581.22,585.39 4 1
github.com/d5/tengo/v2/vm.go:585.39,587.8 1 1
github.com/d5/tengo/v2/vm.go:588.7,589.25 2 1
github.com/d5/tengo/v2/vm.go:592.5,592.40 1 1
github.com/d5/tengo/v2/vm.go:592.40,593.24 1 1
github.com/d5/tengo/v2/vm.go:593.24,597.7 1 1
github.com/d5/tengo/v2/vm.go:597.12,601.7 1 1
github.com/d5/tengo/v2/vm.go:602.6,602.12 1 1
github.com/d5/tengo/v2/vm.go:606.5,606.32 1 1
github.com/d5/tengo/v2/vm.go:606.32,610.47 2 1
github.com/d5/tengo/v2/vm.go:610.47,611.36 1 1
github.com/d5/tengo/v2/vm.go:611.36,614.8 1 1
github.com/d5/tengo/v2/vm.go:615.7,617.15 3 1
github.com/d5/tengo/v2/vm.go:620.5,620.35 1 1
github.com/d5/tengo/v2/vm.go:620.35,623.6 2 1
github.com/d5/tengo/v2/vm.go:626.5,634.45 9 1
github.com/d5/tengo/v2/vm.go:635.10,642.17 5 1
github.com/d5/tengo/v2/vm.go:642.17,643.35 1 1
github.com/d5/tengo/v2/vm.go:643.35,648.7 2 1
github.com/d5/tengo/v2/vm.go:649.6,649.49 1 1
github.com/d5/tengo/v2/vm.go:649.49,655.7 2 1
github.com/d5/tengo/v2/vm.go:656.6,657.12 2 1
github.com/d5/tengo/v2/vm.go:661.5,661.19 1 1
github.com/d5/tengo/v2/vm.go:661.19,663.6 1 0
github.com/d5/tengo/v2/vm.go:664.5,665.22 2 1
github.com/d5/tengo/v2/vm.go:665.22,668.6 2 1
github.com/d5/tengo/v2/vm.go:669.5,670.11 2 1
github.com/d5/tengo/v2/vm.go:672.24,675.34 3 1
github.com/d5/tengo/v2/vm.go:675.34,677.5 1 1
github.com/d5/tengo/v2/vm.go:677.10,679.5 1 1
github.com/d5/tengo/v2/vm.go:681.4,684.26 2 1
github.com/d5/tengo/v2/vm.go:684.26,688.5 2 1
github.com/d5/tengo/v2/vm.go:690.4,696.28 5 1
github.com/d5/tengo/v2/vm.go:698.29,707.21 6 1
github.com/d5/tengo/v2/vm.go:708.26,718.47 6 1
github.com/d5/tengo/v2/vm.go:718.47,721.5 2 1
github.com/d5/tengo/v2/vm.go:722.4,722.21 1 1
github.com/d5/tengo/v2/vm.go:723.29,730.38 5 1
github.com/d5/tengo/v2/vm.go:730.38,732.5 1 1
github.com/d5/tengo/v2/vm.go:733.4,736.39 4 1
github.com/d5/tengo/v2/vm.go:736.39,738.5 1 1
github.com/d5/tengo/v2/vm.go:739.4,739.55 1 1
github.com/d5/tengo/v2/vm.go:739.55,742.5 2 1
github.com/d5/tengo/v2/vm.go:743.26,747.39 4 1
github.com/d5/tengo/v2/vm.go:747.39,749.5 1 1
github.com/d5/tengo/v2/vm.go:750.4,751.10 2 1
github.com/d5/tengo/v2/vm.go:752.28,756.10 4 1
github.com/d5/tengo/v2/vm.go:757.25,762.11 5 1
github.com/d5/tengo/v2/vm.go:762.11,765.5 2 0
github.com/d5/tengo/v2/vm.go:766.4,767.33 2 1
github.com/d5/tengo/v2/vm.go:767.33,768.56 1 1
github.com/d5/tengo/v2/vm.go:769.21,770.23 1 1
github.com/d5/tengo/v2/vm.go:771.13,774.7 1 0
github.com/d5/tengo/v2/vm.go:777.4,787.21 4 1
github.com/d5/tengo/v2/vm.go:787.21,790.5 2 0
github.com/d5/tengo/v2/vm.go:791.4,792.10 2 1
github.com/d5/tengo/v2/vm.go:793.28,798.10 5 1
github.com/d5/tengo/v2/vm.go:799.25,804.10 5 1
github.com/d5/tengo/v2/vm.go:805.25,809.10 4 1
github.com/d5/tengo/v2/vm.go:810.29,816.39 6 1
github.com/d5/tengo/v2/vm.go:816.39,818.5 1 1
github.com/d5/tengo/v2/vm.go:818.10,821.5 2 1
github.com/d5/tengo/v2/vm.go:822.4,823.10 2 1
github.com/d5/tengo/v2/vm.go:824.28,831.38 5 1
github.com/d5/tengo/v2/vm.go:831.38,833.5 1 1
github.com/d5/tengo/v2/vm.go:834.4,838.16 4 1
github.com/d5/tengo/v2/vm.go:838.16,841.5 2 0
github.com/d5/tengo/v2/vm.go:842.30,846.25 4 1
github.com/d5/tengo/v2/vm.go:846.25,849.5 2 0
github.com/d5/tengo/v2/vm.go:850.4,852.21 3 1
github.com/d5/tengo/v2/vm.go:852.21,855.5 2 0
github.com/d5/tengo/v2/vm.go:856.4,857.10 2 1
github.com/d5/tengo/v2/vm.go:858.30,862.15 4 1
github.com/d5/tengo/v2/vm.go:862.15,864.5 1 1
github.com/d5/tengo/v2/vm.go:864.10,866.5 1 1
github.com/d5/tengo/v2/vm.go:867.4,867.10 1 1
github.com/d5/tengo/v2/vm.go:868.29,873.10 5 1
github.com/d5/tengo/v2/vm.go:874.31,879.10 5 1
github.com/d5/tengo/v2/vm.go:880.25,881.10 1 1
github.com/d5/tengo/v2/vm.go:882.11,884.10 2 0
github.com/d5/tengo/v2/vm.go:890.34,892.2 1 1
github.com/d5/tengo/v2/vm.go:894.61,896.43 2 1
github.com/d5/tengo/v2/vm.go:896.43,898.17 2 1
github.com/d5/tengo/v2/vm.go:898.17,899.30 1 0
github.com/d5/tengo/v2/vm.go:899.30,901.5 1 0
github.com/d5/tengo/v2/vm.go:902.4,902.34 1 0
github.com/d5/tengo/v2/vm.go:902.34,905.5 1 0
github.com/d5/tengo/v2/vm.go:906.4,906.14 1 0
github.com/d5/tengo/v2/vm.go:908.3,908.13 1 1
github.com/d5/tengo/v2/vm.go:911.2,911.56 1 1
github.com/d5/tengo/v2/vm.go:911.56,912.35 1 1
github.com/d5/tengo/v2/vm.go:912.35,914.4 1 1
github.com/d5/tengo/v2/vm.go:915.3,915.38 1 1
github.com/d5/tengo/v2/vm.go:915.38,917.4 1 0
github.com/d5/tengo/v2/vm.go:918.3,918.13 1 1
github.com/d5/tengo/v2/vm.go:920.2,920.12 1 1
